2019-03-09 19:42:51.327167: Entered query: panda china extinction
2019-03-09 19:42:57.034408: Marked gb8BXWkBNnvwcWWygLVO as relevant
2019-03-09 19:43:26.461085: Marked tLjcXGkBNnvwcWWyWhgo as relevant
2019-03-09 19:44:06.732314: Entered query: extinct animal
2019-03-09 19:44:11.572277: Entered query: extinct animal saving
2019-03-09 19:44:17.871586: Entered query: extinction animal saving
2019-03-09 19:44:38.113163: Marked gcMIXWkBNnvwcWWyq7P6 as relevant
2019-03-09 19:44:52.923308: Marked msULXWkBNnvwcWWy_pbc as relevant
2019-03-09 19:45:08.042819: Entered query: rhino extinction saving
2019-03-09 19:45:23.089490: Entered query: rhino extinction saving reserve
2019-03-09 19:45:47.269842: Marked cb8BXWkBNnvwcWWyWJ1r as relevant
2019-03-09 19:46:13.339194: Marked QcMJXWkBNnvwcWWyAOas as relevant
2019-03-09 19:46:20.842040: Entered query: wildlife preservation
2019-03-09 19:46:27.274724: Entered query: wildlife preservation asia
2019-03-09 19:46:37.455486: Entered query: animal wildlife preservation asia
2019-03-09 19:46:48.169960: Marked 2sEEXWkBNnvwcWWyhlxv as relevant
2019-03-09 19:46:53.186713: Marked B8ACXWkBNnvwcWWyhErS as relevant
2019-03-09 19:47:18.105699: Marked GMQKXWkBNnvwcWWyuuAd as relevant
2019-03-09 19:47:27.617608: Marked D7fbXGkBNnvwcWWyhM2c as relevant
2019-03-09 19:47:28.106588: Unmarked D7fbXGkBNnvwcWWyhM2c as relevant
2019-03-09 19:47:44.085338: Entered query: animal wildlife preservation afrika
2019-03-09 19:48:25.685795: Entered query: preserving wildlife
2019-03-09 19:48:37.412949: Entered query: preserving wildlife species
2019-03-09 19:48:49.858540: Marked Sr8BXWkBNnvwcWWyirsv as relevant
2019-03-09 19:48:50.206287: Unmarked Sr8BXWkBNnvwcWWyirsv as relevant
2019-03-09 19:48:51.412985: Marked NrngXGkBNnvwcWWykqci as relevant
2019-03-09 19:48:52.630868: Marked _7ngXGkBNnvwcWWykqci as relevant
2019-03-09 19:48:59.739535: Unmarked _7ngXGkBNnvwcWWykqci as relevant
2019-03-09 19:49:04.151567: Marked _7ngXGkBNnvwcWWykqci as relevant
2019-03-09 19:49:19.500732: Marked gMMHXWkBNnvwcWWyrSun as relevant
2019-03-09 19:49:26.217447: Entered query: preserving conservation wildlife species
2019-03-09 19:50:28.292340: Entered query: teenage abortion usa
2019-03-09 19:50:33.775526: Marked RL8AXWkBNnvwcWWyXw7d as relevant
2019-03-09 19:50:40.928421: Entered query: teenage pregnancy abortion usa
2019-03-09 19:50:52.125400: Entered query: teenage pregnancy abortion united states of america
2019-03-09 19:50:59.532556: Marked JLnfXGkBNnvwcWWyIjNn as relevant
2019-03-09 19:51:10.638582: Marked 2rriXGkBNnvwcWWyulLJ as relevant
2019-03-09 19:51:11.450968: Marked CLriXGkBNnvwcWWyulPJ as relevant
2019-03-09 19:51:13.429119: Marked mbriXGkBNnvwcWWyvlNo as relevant
2019-03-09 19:51:14.018002: Marked QLriXGkBNnvwcWWyulPJ as relevant
2019-03-09 19:51:18.695056: Marked LcACXWkBNnvwcWWyRyai as relevant
2019-03-09 19:51:33.351645: Marked sb7-XGkBNnvwcWWyHV5k as relevant
2019-03-09 19:51:43.891827: Marked abvlXGkBNnvwcWWyTRcR as relevant
2019-03-09 19:51:51.748423: Marked sb7-XGkBNnvwcWWyuX5d as relevant
2019-03-09 19:52:14.710309: Marked Nr7_XGkBNnvwcWWyv7XG as relevant
2019-03-09 19:52:21.016139: Marked -7vlXGkBNnvwcWWyTRYR as relevant
2019-03-09 19:52:34.796426: Entered query: planned parenthodd
2019-03-09 19:52:40.100497: Entered query: planned parenthood
2019-03-09 19:52:44.600988: Marked Kb3yXGkBNnvwcWWyfCGF as relevant
2019-03-09 19:52:46.322006: Marked XL8BXWkBNnvwcWWyDXMF as relevant
2019-03-09 19:52:47.550972: Marked TrnfXGkBNnvwcWWyhlIN as relevant
2019-03-09 19:53:06.964638: Marked 6LvlXGkBNnvwcWWy8TQy as relevant
2019-03-09 19:53:08.366661: Marked oLvpXGkBNnvwcWWyNMvv as relevant
2019-03-09 19:53:12.082490: Marked CLnfXGkBNnvwcWWyhlIN as relevant
2019-03-09 19:53:14.712260: Marked eb31XGkBNnvwcWWyjYfi as relevant
2019-03-09 19:53:21.859504: Marked BrriXGkBNnvwcWWys1H2 as relevant
2019-03-09 19:53:51.085786: Entered query: planned parenthood teenage
2019-03-09 19:54:05.786325: Entered query: planned parenthood teenage pregnancy
2019-03-09 19:54:35.915213: Entered query: planned parenthood teenage pregnancy RU-486
2019-03-09 19:54:44.078445: Entered query: teenage pregnancy RU-486
2019-03-09 19:54:51.412734: Entered query: teenage pregnancy RU-486 america
2019-03-09 19:55:09.799147: Entered query: teenage pregnancy RU-486 america teen
2019-03-09 19:55:19.044923: Entered query: teenage pregnancy  america teen
2019-03-09 19:55:25.747515: Marked X730XGkBNnvwcWWyjWf3 as relevant
2019-03-09 19:55:31.109922: Marked Cr30XGkBNnvwcWWyjWf3 as relevant
2019-03-09 19:56:04.307643: Marked ar30XGkBNnvwcWWyUF_s as relevant
2019-03-09 19:56:12.695996: Marked CLrkXGkBNnvwcWWypeZp as relevant
2019-03-09 19:56:21.173530: Marked ab30XGkBNnvwcWWyUF_s as relevant
2019-03-09 19:56:50.308226: Marked QbngXGkBNnvwcWWyWJVw as relevant
2019-03-09 19:56:55.325529: Entered query: teenage pregnancy  america states
2019-03-09 19:57:13.201661: Marked e78AXWkBNnvwcWWy4Ffb as relevant
2019-03-09 19:58:24.010417: Entered query: black bear attacks
2019-03-09 19:58:34.803037: Entered query: black bear attacks motive
2019-03-09 19:58:56.360344: Marked qL7_XGkBNnvwcWWytLLB as relevant
2019-03-09 19:59:00.018879: Entered query: black bear attacks reasons
2019-03-09 19:59:26.837627: Marked UL79XGkBNnvwcWWy8FU9 as relevant
2019-03-09 19:59:42.319647: Marked ZL7-XGkBNnvwcWWyGF0a as relevant
2019-03-09 19:59:48.822636: Entered query: black bear attacks reasons for defending
2019-03-09 20:00:00.587704: Marked 57rkXGkBNnvwcWWyq-db as relevant
2019-03-09 20:00:13.928633: Marked YbnfXGkBNnvwcWWyPzrT as relevant
2019-03-09 20:00:14.380876: Unmarked YbnfXGkBNnvwcWWyPzrT as relevant
2019-03-09 20:00:16.865891: Marked 0MUMXWkBNnvwcWWyMrV2 as relevant
2019-03-09 20:00:24.163234: Marked k7fbXGkBNnvwcWWyl9OR as relevant
2019-03-09 20:00:35.808559: Unmarked k7fbXGkBNnvwcWWyl9OR as relevant
2019-03-09 20:00:36.448525: Marked Tr7_XGkBNnvwcWWyhamg as relevant
2019-03-09 20:00:55.887022: Entered query: black bear attacking
2019-03-09 20:01:50.431433: Marked O7rkXGkBNnvwcWWy0fOZ as relevant
2019-03-09 20:02:11.031050: Marked sbrkXGkBNnvwcWWyXtOM as relevant
2019-03-09 20:02:34.211464: Marked WsEDXWkBNnvwcWWy5Ac_ as relevant
2019-03-09 20:02:39.996463: Entered query: black bear kills
2019-03-09 20:03:10.440827: Entered query: black bear kills -brown
2019-03-09 20:03:55.687762: Entered query: black bear attacks people
2019-03-09 20:04:11.900450: Entered query: preventing black bear attack
2019-03-09 20:04:26.805904: Marked -r79XGkBNnvwcWWyXDmb as relevant
2019-03-09 20:04:33.111991: Marked eLnhXGkBNnvwcWWynvoi as relevant
2019-03-09 20:04:36.231283: Marked EbnhXGkBNnvwcWWynvoi as relevant
2019-03-09 20:04:45.031674: Marked qbrkXGkBNnvwcWWyiN9L as relevant
2019-03-09 20:04:54.514329: Marked frrkXGkBNnvwcWWyiN9L as relevant
2019-03-09 20:05:06.118366: Marked fL3yXGkBNnvwcWWycyBs as relevant
