2019-03-09 23:51:32.988295: Entered query: birth rate for teenage mothers
2019-03-09 23:51:48.787734: Clicked docid: gL8BXWkBNnvwcWWyT5j-
2019-03-09 23:52:03.220049: Marked gL8BXWkBNnvwcWWyT5j- as relevant
2019-03-09 23:52:10.361899: Clicked docid: j730XGkBNnvwcWWymGgB
2019-03-09 23:52:23.747366: Marked j730XGkBNnvwcWWymGgB as relevant
2019-03-09 23:52:25.016543: Marked lr30XGkBNnvwcWWymGgB as relevant
2019-03-09 23:52:34.298304: Clicked docid: X730XGkBNnvwcWWyjWf3
2019-03-09 23:53:05.188282: Marked X730XGkBNnvwcWWyjWf3 as relevant
2019-03-09 23:53:10.858095: Clicked docid: 9cACXWkBNnvwcWWyLBUE
2019-03-09 23:53:53.187132: Clicked docid: hsIFXWkBNnvwcWWy6ynu
2019-03-09 23:54:17.395596: Clicked docid: 9cADXWkBNnvwcWWyxvUY
2019-03-09 23:55:01.585368: Marked sr8BXWkBNnvwcWWy8PFZ as relevant
2019-03-09 23:55:20.000544: Marked BcACXWkBNnvwcWWy-IpX as relevant
2019-03-09 23:55:27.792379: Clicked docid: k7voXGkBNnvwcWWy_sFm
2019-03-09 23:55:44.697402: Clicked docid: Cr30XGkBNnvwcWWyjWf3
2019-03-09 23:55:59.485389: Clicked docid: k7voXGkBNnvwcWWy_sFm
2019-03-09 23:56:04.476370: Clicked docid: Cr30XGkBNnvwcWWyjWf3
2019-03-09 23:56:08.645942: Marked Cr30XGkBNnvwcWWyjWf3 as relevant
2019-03-09 23:56:51.162598: Clicked docid: i8EEXWkBNnvwcWWyclOg
2019-03-09 23:56:59.902206: Marked i8EEXWkBNnvwcWWyclOg as relevant
2019-03-09 23:57:05.246435: Clicked docid: -bvoXGkBNnvwcWWyfqqV
2019-03-09 23:57:58.520038: Clicked docid: b8ADXWkBNnvwcWWyn-QL
2019-03-09 23:58:34.837013: Marked CbjcXGkBNnvwcWWykSwU as relevant
2019-03-10 00:02:47.041295: Entered query:  black bear attacks
2019-03-10 00:02:52.526644: Clicked docid: 57rkXGkBNnvwcWWyq-db
2019-03-10 00:03:09.869099: Marked qL7_XGkBNnvwcWWytLLB as relevant
2019-03-10 00:03:10.985056: Clicked docid: qL7_XGkBNnvwcWWytLLB
2019-03-10 00:03:29.402343: Clicked docid: 0MUMXWkBNnvwcWWyMrV2
2019-03-10 00:04:14.337259: Clicked docid: Tr7_XGkBNnvwcWWyhamg
2019-03-10 00:04:44.319369: Marked s7rkXGkBNnvwcWWyit85 as relevant
2019-03-10 00:04:48.888064: Clicked docid: 3b79XGkBNnvwcWWybD0K
2019-03-10 00:05:05.096343: Clicked docid: w7vlXGkBNnvwcWWymCV8
2019-03-10 00:05:21.504515: Clicked docid: db32XGkBNnvwcWWynamJ
2019-03-10 00:06:00.429407: Entered query:  black bear attack cause
2019-03-10 00:06:12.978308: Marked ZL7-XGkBNnvwcWWyGF0a as relevant
2019-03-10 00:07:18.935824: Marked m7rkXGkBNnvwcWWytOpJ as relevant
2019-03-10 00:09:23.792085: Entered query:  black bear frequency
2019-03-10 00:09:33.330475: Marked X8EFXWkBNnvwcWWyCqeA as relevant
2019-03-10 00:10:31.953336: Entered query: extinction
2019-03-10 00:10:33.898768: Entered query: extinction
2019-03-10 00:10:38.899062: Marked IrngXGkBNnvwcWWylanL as relevant
2019-03-10 00:10:43.634076: Clicked docid: IrngXGkBNnvwcWWylanL
2019-03-10 00:11:29.325548: Clicked docid: dMUMXWkBNnvwcWWyh-cm
2019-03-10 00:11:38.625944: Marked dMUMXWkBNnvwcWWyh-cm as relevant
2019-03-10 00:11:48.256083: Marked 078BXWkBNnvwcWWyU5r1 as relevant
2019-03-10 00:12:02.676242: Marked B8QKXWkBNnvwcWWyQ58R as relevant
2019-03-10 00:12:07.727989: Marked uMMIXWkBNnvwcWWy8N1Z as relevant
2019-03-10 00:12:24.821036: Entered query: extinction africa
2019-03-10 00:12:33.938174: Clicked docid: QMEDXWkBNnvwcWWy9RAR
2019-03-10 00:12:46.637794: Marked 3b8BXWkBNnvwcWWy8vJA as relevant
2019-03-10 00:12:48.744700: Marked QMEDXWkBNnvwcWWy9RAR as relevant
2019-03-10 00:12:59.554421: Clicked docid: yrjdXGkBNnvwcWWy7LWU
2019-03-10 00:13:18.584173: Clicked docid: yrjdXGkBNnvwcWWyyqas
2019-03-10 00:13:37.986008: Marked k7riXGkBNnvwcWWyxlY3 as relevant
2019-03-10 00:13:40.570826: Marked J7jdXGkBNnvwcWWyWXYe as relevant
2019-03-10 00:13:43.053044: Marked SrjeXGkBNnvwcWWyIsy2 as relevant
2019-03-10 00:13:48.923745: Clicked docid: n7ztXGkBNnvwcWWyJGxx
2019-03-10 00:14:13.481292: Marked n7ztXGkBNnvwcWWyJGxx as relevant
2019-03-10 00:14:17.157074: Clicked docid: gbrkXGkBNnvwcWWytOpJ
2019-03-10 00:14:46.231244: Marked gbrkXGkBNnvwcWWytOpJ as relevant
2019-03-10 00:14:49.616533: Clicked docid: McADXWkBNnvwcWWyeM7O
2019-03-10 00:15:03.993465: Marked McADXWkBNnvwcWWyeM7O as relevant
2019-03-10 00:15:14.642472: Marked s8ACXWkBNnvwcWWyDAKR as relevant
2019-03-10 00:15:15.887790: Clicked docid: s8ACXWkBNnvwcWWyDAKR
2019-03-10 00:15:31.446751: Marked gcMIXWkBNnvwcWWyq7P6 as relevant
2019-03-10 00:15:44.306410: Entered query: animal extinctio
2019-03-10 00:15:48.160577: Entered query: animal extinction
2019-03-10 00:15:54.290999: Marked LMEEXWkBNnvwcWWyqW_7 as relevant
2019-03-10 00:15:57.053322: Marked 2L8AXWkBNnvwcWWyrzx3 as relevant
2019-03-10 00:16:00.613442: Marked msULXWkBNnvwcWWy_pbc as relevant
2019-03-10 00:16:13.337678: Marked KsADXWkBNnvwcWWyVrwz as relevant
2019-03-10 00:16:16.877981: Marked GcQJXWkBNnvwcWWyZB8U as relevant
2019-03-10 00:16:20.602665: Marked iMEFXWkBNnvwcWWyjfKX as relevant
2019-03-10 00:16:27.476740: Marked 68MIXWkBNnvwcWWyzMfB as relevant
2019-03-10 00:16:40.379339: Marked OrjeXGkBNnvwcWWyjvvT as relevant
2019-03-10 00:16:41.315982: Marked 9bjeXGkBNnvwcWWyjvrT as relevant
2019-03-10 00:17:01.381573: Marked cLjdXGkBNnvwcWWy6bO8 as relevant
2019-03-10 00:17:05.602966: Marked cbzxXGkBNnvwcWWydv5u as relevant
