2019-03-11 17:43:50.865142: Entered query: black bear attacks cause
2019-03-11 17:44:03.430215: Clicked docid: qbrkXGkBNnvwcWWyiN9L
2019-03-11 17:44:36.384372: Entered query: black bear attacks how many times
2019-03-11 17:44:41.267422: Clicked docid: qL7_XGkBNnvwcWWytLLB
2019-03-11 17:44:59.699805: Marked relevant: qL7_XGkBNnvwcWWytLLB
2019-03-11 17:45:03.768172: Marked relevant: 57rkXGkBNnvwcWWyq-db
2019-03-11 17:45:32.752009: Entered query: yearly attack black bear
2019-03-11 17:45:37.214113: Clicked docid: UL79XGkBNnvwcWWy8FU9
2019-03-11 17:45:44.360181: Marked relevant: UL79XGkBNnvwcWWy8FU9
2019-03-11 17:45:54.412038: Clicked docid: vbzrXGkBNnvwcWWyjCuH
2019-03-11 17:46:07.995173: Marked relevant: pbfbXGkBNnvwcWWyh80d
2019-03-11 17:46:19.298838: Marked relevant: x77_XGkBNnvwcWWyW6BG
2019-03-11 17:46:28.970643: Marked relevant: 2sUMXWkBNnvwcWWyF6TH
2019-03-11 17:46:36.060653: Clicked docid: RLjcXGkBNnvwcWWymC7K
2019-03-11 17:46:58.084739: Entered query: black bear cosmetic attack
2019-03-11 17:47:02.646022: Clicked docid: -r79XGkBNnvwcWWyXDmb
2019-03-11 17:47:18.328186: Marked relevant: -r79XGkBNnvwcWWyXDmb
2019-03-11 17:47:21.781077: Marked relevant: WsEDXWkBNnvwcWWy5Ac_
2019-03-11 17:47:25.600176: Clicked docid: eLnhXGkBNnvwcWWynvoi
2019-03-11 17:47:38.690843: Marked relevant: eLnhXGkBNnvwcWWynvoi
2019-03-11 17:47:44.352842: Clicked docid: ZL7-XGkBNnvwcWWyGF0a
2019-03-11 17:48:02.426183: Marked relevant: ZL7-XGkBNnvwcWWyGF0a
2019-03-11 17:48:10.732075: Clicked docid: DbjcXGkBNnvwcWWyNgz-
2019-03-11 17:48:27.572651: Clicked docid: yLvmXGkBNnvwcWWyT0VG
2019-03-11 17:48:55.669628: Marked relevant: dLngXGkBNnvwcWWyqq8G
2019-03-11 17:49:09.525766: Entered query: frequency bear attacks
2019-03-11 17:49:13.241727: Entered query: frequency bear attacks food
2019-03-11 17:49:16.270167: Entered query: frequency bear attacks 
2019-03-11 17:49:19.468774: Clicked docid: k7fbXGkBNnvwcWWyl9OR
2019-03-11 17:49:28.612289: Marked relevant: k7fbXGkBNnvwcWWyl9OR
2019-03-11 17:49:41.860949: Clicked docid: sLrkXGkBNnvwcWWyreg0
2019-03-11 17:50:06.324820: Entered query: black bear attack location
2019-03-11 17:50:23.735545: Entered query: black bear attacks human
2019-03-11 17:50:30.108813: Clicked docid: 0MUMXWkBNnvwcWWyMrV2
2019-03-11 17:50:46.507210: Clicked docid: vbzrXGkBNnvwcWWyjCuH
2019-03-11 17:50:49.638045: Marked relevant: vbzrXGkBNnvwcWWyjCuH
2019-03-11 17:51:56.169463: Entered query: usa teen pregnacy
2019-03-11 17:52:16.926889: Entered query: usa teenage pregnacy
2019-03-11 17:52:24.751412: Clicked docid: TMEFXWkBNnvwcWWyEKoK
2019-03-11 17:52:36.228445: Marked relevant: LcACXWkBNnvwcWWyRyai
2019-03-11 17:52:48.890409: Clicked docid: y7rkXGkBNnvwcWWy_P_E
2019-03-11 17:53:00.454807: Entered query: pregnacy united states
2019-03-11 17:53:03.347024: Entered query: pregnancy united states
2019-03-11 17:53:09.905347: Clicked docid: sb7-XGkBNnvwcWWyHV5k
2019-03-11 17:53:14.484152: Marked relevant: sb7-XGkBNnvwcWWyHV5k
2019-03-11 17:53:24.357352: Marked relevant: 2rriXGkBNnvwcWWyulLJ
2019-03-11 17:53:30.345196: Marked relevant: RL8AXWkBNnvwcWWyXw7d
2019-03-11 17:53:43.603177: Entered query: am i pregegenanat
2019-03-11 17:53:54.721376: Entered query: 18 year pregnant
2019-03-11 17:54:00.847695: Clicked docid: b7riXGkBNnvwcWWy3V7o
2019-03-11 17:54:09.659890: Marked relevant: b7riXGkBNnvwcWWy3V7o
2019-03-11 17:54:28.735786: Marked relevant: 57nhXGkBNnvwcWWyAMw7
2019-03-11 17:54:43.453240: Entered query: usa abortions among teens
2019-03-11 17:54:48.052215: Clicked docid: 78IGXWkBNnvwcWWyOVnn
2019-03-11 17:54:56.153289: Marked relevant: 78IGXWkBNnvwcWWyOVnn
2019-03-11 17:55:00.863091: Clicked docid: Hb33XGkBNnvwcWWyFro8
2019-03-11 17:55:09.334589: Marked relevant: Hb33XGkBNnvwcWWyFro8
2019-03-11 17:55:21.511230: Clicked docid: WbngXGkBNnvwcWWysLLR
2019-03-11 17:55:31.164186: Marked relevant: WbngXGkBNnvwcWWysLLR
2019-03-11 17:55:43.114983: Entered query: usa abortions among teens babies pregnancy
2019-03-11 17:55:45.825132: Clicked docid: sb7-XGkBNnvwcWWyuX5d
2019-03-11 17:55:54.924202: Marked relevant: sb7-XGkBNnvwcWWyuX5d
2019-03-11 17:55:58.059026: Marked relevant: sLriXGkBNnvwcWWyBxsR
2019-03-11 17:56:08.056718: Entered query: usa teens unwanted babies
2019-03-11 17:56:13.122545: Clicked docid: qbrjXGkBNnvwcWWydY5C
2019-03-11 17:56:23.215197: Marked relevant: qbrjXGkBNnvwcWWydY5C
2019-03-11 17:56:31.200113: Clicked docid: HbrhXGkBNnvwcWWy_xk6
2019-03-11 17:56:36.738112: Marked relevant: HbrhXGkBNnvwcWWy_xk6
2019-03-11 17:56:53.951444: Clicked docid: LbrkXGkBNnvwcWWy2_ai
2019-03-11 17:57:03.266140: Marked relevant: LbrkXGkBNnvwcWWy2_ai
2019-03-11 17:57:13.367052: Clicked docid: Mr30XGkBNnvwcWWyrGu2
2019-03-11 17:57:22.030273: Marked relevant: Mr30XGkBNnvwcWWyrGu2
2019-03-11 17:57:27.870804: Clicked docid: i730XGkBNnvwcWWyZGG9
2019-03-11 17:57:50.167774: Entered query: usa teens unwanted childs
2019-03-11 17:58:07.391546: Clicked docid: PbngXGkBNnvwcWWyQ4_w
2019-03-11 17:58:27.608515: Entered query: usa teens babies
2019-03-11 17:58:32.177948: Entered query: usa teens babies pregnant
2019-03-11 17:58:38.940569: Clicked docid: zrvlXGkBNnvwcWWy8TQy
2019-03-11 17:58:45.987212: Marked relevant: zrvlXGkBNnvwcWWy8TQy
2019-03-11 17:58:54.146182: Marked relevant: e78AXWkBNnvwcWWy4Ffb
2019-03-11 17:59:43.531474: Entered query: Wildlife Extinction
2019-03-11 18:00:00.187161: Clicked docid: 078BXWkBNnvwcWWyU5r1
2019-03-11 18:00:06.700460: Marked relevant: 078BXWkBNnvwcWWyU5r1
2019-03-11 18:00:10.078990: Marked relevant: 5rneXGkBNnvwcWWyngLh
2019-03-11 18:00:13.387565: Marked relevant: 2cIHXWkBNnvwcWWyNelV
2019-03-11 18:00:19.379102: Marked relevant: QcMJXWkBNnvwcWWyAOas
2019-03-11 18:00:21.266556: Marked relevant: 5MULXWkBNnvwcWWyRSy6
2019-03-11 18:00:35.261028: Entered query: wildlife death increase
2019-03-11 18:00:40.398759: Marked relevant: B8ACXWkBNnvwcWWyhErS
2019-03-11 18:01:10.575180: Entered query: animals death
2019-03-11 18:01:16.984161: Entered query: animals extinction
2019-03-11 18:01:30.041531: Clicked docid: lb8AXWkBNnvwcWWyrjsQ
2019-03-11 18:01:35.671067: Marked relevant: lb8AXWkBNnvwcWWyrjsQ
2019-03-11 18:01:45.271857: Clicked docid: c7jdXGkBNnvwcWWyHV-h
2019-03-11 18:02:29.434722: Clicked docid: Ar8BXWkBNnvwcWWyDXMF
2019-03-11 18:02:34.840506: Marked relevant: Ar8BXWkBNnvwcWWyDXMF
2019-03-11 18:02:49.185820: Entered query: wildlife death extinction
2019-03-11 18:02:52.890280: Clicked docid: TrnhXGkBNnvwcWWyROKO
2019-03-11 18:03:12.814855: Marked relevant: cMIHXWkBNnvwcWWyXP6A
2019-03-11 18:03:18.659525: Clicked docid: VMEEXWkBNnvwcWWyTEBo
2019-03-11 18:03:34.942060: Marked relevant: VMEEXWkBNnvwcWWyTEBo
2019-03-11 18:03:41.788175: Marked relevant: m7neXGkBNnvwcWWyqAbF
2019-03-11 18:03:55.069064: Entered query: wildlife extintion
2019-03-11 18:04:11.255856: Entered query: wildlife extinction
2019-03-11 18:04:16.447133: Clicked docid: D7fbXGkBNnvwcWWyhM2c
2019-03-11 18:04:21.051577: Marked relevant: D7fbXGkBNnvwcWWyhM2c
2019-03-11 18:04:33.659325: Clicked docid: UMQJXWkBNnvwcWWy8m2E
2019-03-11 18:05:08.241865: Marked relevant: HbrjXGkBNnvwcWWyEW8-
2019-03-11 18:05:16.241161: Entered query: wildlife extinction increasing amout
2019-03-11 18:05:18.458279: Entered query: wildlife extinction increasing amount
2019-03-11 18:05:24.215472: Marked relevant: -rjdXGkBNnvwcWWy7LWU
2019-03-11 18:05:31.911167: Clicked docid: Y7jeXGkBNnvwcWWyVeDs
2019-03-11 18:05:36.443263: Marked relevant: Y7jeXGkBNnvwcWWyVeDs
2019-03-11 18:05:44.250307: Clicked docid: iLvqXGkBNnvwcWWyMvZ9
2019-03-11 18:05:50.327255: Marked relevant: iLvqXGkBNnvwcWWyMvZ9
2019-03-11 18:05:56.552239: Clicked docid: cbzxXGkBNnvwcWWydv5u
2019-03-11 18:06:04.318522: Marked relevant: cbzxXGkBNnvwcWWydv5u
2019-03-11 18:06:10.188957: Marked relevant: 9sULXWkBNnvwcWWyWDfw
2019-03-11 18:06:15.413648: Marked relevant: kcMIXWkBNnvwcWWyjaAR
2019-03-11 18:06:20.386123: Clicked docid: 77riXGkBNnvwcWWyHyJV
2019-03-11 18:06:42.723771: Clicked docid: 4rzuXGkBNnvwcWWyGIwF
2019-03-11 18:06:47.046419: Marked relevant: 4rzuXGkBNnvwcWWyGIwF
