2019-03-10 19:20:46.984264: Entered query: black bear extinction worldwide
2019-03-10 19:20:57.416330: Entered query: black bear attacks worldwide
2019-03-10 19:21:33.589500: Clicked docid: 2sUMXWkBNnvwcWWyF6TH
2019-03-10 19:22:08.803619: Entered query: black bear attack food
2019-03-10 19:22:16.891406: Clicked docid: WsEDXWkBNnvwcWWy5Ac_
2019-03-10 19:22:40.756838: Clicked docid: 0rvlXGkBNnvwcWWy-jYR
2019-03-10 19:23:29.698305: Clicked docid: s7rkXGkBNnvwcWWyit85
2019-03-10 19:24:02.283345: Entered query: black bear attack why
2019-03-10 19:24:09.977843: Clicked docid: 57rkXGkBNnvwcWWyq-db
2019-03-10 19:25:03.642157: Marked relevant: 57rkXGkBNnvwcWWyq-db
2019-03-10 19:25:20.463195: Clicked docid: 2sUMXWkBNnvwcWWyF6TH
2019-03-10 19:25:47.787797: Clicked docid: 3b79XGkBNnvwcWWybD0K
2019-03-10 19:26:31.502498: Marked relevant: 3b79XGkBNnvwcWWybD0K
2019-03-10 19:26:47.240599: Entered query: black bear attack prevent
2019-03-10 19:27:23.962750: Entered query: black bear attack worldwide
2019-03-10 19:27:33.878780: Entered query: black bear attack world
2019-03-10 19:27:41.662081: Entered query: black bear attack causes
2019-03-10 19:27:59.417602: Clicked docid: 2sUMXWkBNnvwcWWyF6TH
2019-03-10 19:28:06.357642: Clicked docid: yLvmXGkBNnvwcWWyT0VG
2019-03-10 19:28:27.282803: Marked relevant: yLvmXGkBNnvwcWWyT0VG
2019-03-10 19:28:31.316446: Clicked docid: 8MEDXWkBNnvwcWWy3gIZ
2019-03-10 19:28:56.061987: Marked relevant: 8MEDXWkBNnvwcWWy3gIZ
2019-03-10 19:29:07.160575: Entered query: black bear attack act
2019-03-10 19:29:16.406538: Entered query: black bear attack law
2019-03-10 19:29:21.169025: Entered query: black bear attack prevent
2019-03-10 19:29:29.641304: Clicked docid: 9L7_XGkBNnvwcWWyeaZh
2019-03-10 19:30:04.097112: Clicked docid: 2sUMXWkBNnvwcWWyF6TH
2019-03-10 19:30:09.370884: Clicked docid: Z7rkXGkBNnvwcWWybtjg
2019-03-10 19:30:29.710850: Marked relevant: Z7rkXGkBNnvwcWWybtjg
2019-03-10 19:30:46.745991: Clicked docid: Cb8BXWkBNnvwcWWyGXpy
2019-03-10 19:31:02.268285: Clicked docid: uLrkXGkBNnvwcWWyd9pP
2019-03-10 19:31:14.834459: Entered query: black bear attack plan
2019-03-10 19:31:21.996340: Clicked docid: EbnhXGkBNnvwcWWynvoi
2019-03-10 19:31:35.927457: Clicked docid: qbrkXGkBNnvwcWWyiN9L
2019-03-10 19:32:00.033758: Clicked docid: O7rkXGkBNnvwcWWy0fOZ
2019-03-10 19:32:11.734621: Marked relevant: O7rkXGkBNnvwcWWy0fOZ
2019-03-10 19:32:12.801072: Clicked docid: sbrkXGkBNnvwcWWyXtOM
2019-03-10 19:32:39.771226: Entered query: black bear attack reasons
2019-03-10 19:32:46.480380: Clicked docid: qbrkXGkBNnvwcWWyiN9L
2019-03-10 19:32:58.215627: Clicked docid: 47riXGkBNnvwcWWyWjVJ
2019-03-10 19:34:49.737294: Entered query: wildlife extinction 
2019-03-10 19:34:53.316736: Clicked docid: 078BXWkBNnvwcWWyU5r1
2019-03-10 19:35:14.045989: Marked relevant: 078BXWkBNnvwcWWyU5r1
2019-03-10 19:35:15.902726: Clicked docid: D7fbXGkBNnvwcWWyhM2c
2019-03-10 19:35:50.411135: Marked relevant: D7fbXGkBNnvwcWWyhM2c
2019-03-10 19:35:51.234476: Clicked docid: 5rneXGkBNnvwcWWyngLh
2019-03-10 19:36:07.688156: Marked relevant: 5rneXGkBNnvwcWWyngLh
2019-03-10 19:36:08.739350: Clicked docid: 2cIHXWkBNnvwcWWyNelV
2019-03-10 19:36:49.111132: Clicked docid: 5MULXWkBNnvwcWWyRSy6
2019-03-10 19:37:04.551852: Marked relevant: 5MULXWkBNnvwcWWyRSy6
2019-03-10 19:37:10.788624: Clicked docid: Y7jeXGkBNnvwcWWyVeDs
2019-03-10 19:38:01.364523: Clicked docid: QsEFXWkBNnvwcWWyCqeA
2019-03-10 19:38:18.753698: Clicked docid: Fb8BXWkBNnvwcWWyPI5n
2019-03-10 19:38:30.092302: Clicked docid: m7neXGkBNnvwcWWyqAbF
2019-03-10 19:38:50.521150: Marked relevant: m7neXGkBNnvwcWWyqAbF
2019-03-10 19:38:57.507652: Entered query: wildlife extinction prevention
2019-03-10 19:39:04.903987: Clicked docid: yrjdXGkBNnvwcWWyyqas
2019-03-10 19:39:25.923981: Clicked docid: cb8BXWkBNnvwcWWyWJ1r
2019-03-10 19:39:53.045441: Marked relevant: cb8BXWkBNnvwcWWyWJ1r
2019-03-10 19:39:54.412266: Clicked docid: KLfbXGkBNnvwcWWydsl5
2019-03-10 19:40:13.852957: Marked relevant: KLfbXGkBNnvwcWWydsl5
2019-03-10 19:40:15.465538: Clicked docid: VMEEXWkBNnvwcWWyTEBo
2019-03-10 19:40:52.311641: Clicked docid: ssACXWkBNnvwcWWys2KM
2019-03-10 19:41:28.682580: Marked relevant: ssACXWkBNnvwcWWys2KM
2019-03-10 19:41:38.450755: Clicked docid: FcQJXWkBNnvwcWWy9W6M
2019-03-10 19:42:18.983690: Entered query: Teenage pregnancy united states
2019-03-10 19:42:22.267224: Clicked docid: RL8AXWkBNnvwcWWyXw7d
2019-03-10 19:42:38.295367: Marked relevant: RL8AXWkBNnvwcWWyXw7d
2019-03-10 19:42:42.370900: Clicked docid: LcACXWkBNnvwcWWyRyai
2019-03-10 19:43:18.778852: Marked relevant: LcACXWkBNnvwcWWyRyai
2019-03-10 19:43:27.228713: Clicked docid: e78AXWkBNnvwcWWy4Ffb
2019-03-10 19:43:54.928439: Marked relevant: e78AXWkBNnvwcWWy4Ffb
2019-03-10 19:44:00.103966: Clicked docid: JLnfXGkBNnvwcWWyIjNn
2019-03-10 19:44:14.403503: Clicked docid: sb7-XGkBNnvwcWWyHV5k
2019-03-10 19:44:29.358694: Marked relevant: sb7-XGkBNnvwcWWyHV5k
2019-03-10 19:44:37.266631: Clicked docid: 2rriXGkBNnvwcWWyulLJ
2019-03-10 19:44:45.124439: Marked relevant: 2rriXGkBNnvwcWWyulLJ
2019-03-10 19:45:05.088010: Entered query: Teenage pregnancy birth rate
2019-03-10 19:45:18.170329: Entered query: Teenage pregnancy birth rate america
2019-03-10 19:45:34.784547: Clicked docid: LbrkXGkBNnvwcWWy2_ai
2019-03-10 19:45:51.261726: Marked relevant: LbrkXGkBNnvwcWWy2_ai
2019-03-10 19:45:57.806535: Clicked docid: srngXGkBNnvwcWWyU5NX
2019-03-10 19:46:12.705810: Entered query: Teenage pregnancy prevent america
2019-03-10 19:46:19.080715: Clicked docid: XL8BXWkBNnvwcWWyDXMF
2019-03-10 19:46:28.049702: Marked relevant: XL8BXWkBNnvwcWWyDXMF
2019-03-10 19:46:38.196246: Entered query: Teenage pregnancy prevent US
2019-03-10 19:46:52.322372: Entered query: teen pregnancy prevent US
2019-03-10 19:46:57.276711: Clicked docid: 2r4AXWkBNnvwcWWyHOVA
2019-03-10 19:47:19.601619: Marked relevant: 2r4AXWkBNnvwcWWyHOVA
2019-03-10 19:47:23.086881: Clicked docid: j7ngXGkBNnvwcWWyWJVw
2019-03-10 19:47:28.330954: Clicked docid: j730XGkBNnvwcWWymGgB
2019-03-10 19:47:40.696904: Clicked docid: QbngXGkBNnvwcWWyWJVw
2019-03-10 19:47:48.457063: Marked relevant: QbngXGkBNnvwcWWyWJVw
2019-03-10 19:47:52.043691: Clicked docid: y7ngXGkBNnvwcWWywbcr
2019-03-10 19:48:19.388697: Clicked docid: Ob8AXWkBNnvwcWWy4Ffb
2019-03-10 19:48:25.297284: Entered query: teen pregnancy cause
2019-03-10 19:48:27.751753: Entered query: teen pregnancy cause US
2019-03-10 19:49:03.466283: Clicked docid: Eb7-XGkBNnvwcWWyRWcA
