2019-03-11 15:42:30.837510: Entered query: teenage pregnancy united states
2019-03-11 15:42:34.104055: Marked relevant: RL8AXWkBNnvwcWWyXw7d
2019-03-11 15:42:38.885807: Marked relevant: LcACXWkBNnvwcWWyRyai
2019-03-11 15:42:47.679576: Marked relevant: b8IFXWkBNnvwcWWyqQPM
2019-03-11 15:42:50.049869: Clicked docid: b8IFXWkBNnvwcWWyqQPM
2019-03-11 15:43:14.514375: Marked relevant: JLnfXGkBNnvwcWWyIjNn
2019-03-11 15:43:16.153024: Clicked docid: JLnfXGkBNnvwcWWyIjNn
2019-03-11 15:43:26.156825: Clicked docid: sb7-XGkBNnvwcWWyHV5k
2019-03-11 15:43:30.939180: Marked relevant: sb7-XGkBNnvwcWWyHV5k
2019-03-11 15:43:35.172224: Clicked docid: CLrkXGkBNnvwcWWypeZp
2019-03-11 15:43:39.713555: Marked relevant: CLrkXGkBNnvwcWWypeZp
2019-03-11 15:43:41.771283: Clicked docid: Cr30XGkBNnvwcWWyjWf3
2019-03-11 15:43:48.364263: Marked relevant: Cr30XGkBNnvwcWWyjWf3
2019-03-11 15:43:50.090772: Clicked docid: k7voXGkBNnvwcWWy_sFm
2019-03-11 15:43:57.280392: Marked relevant: k7voXGkBNnvwcWWy_sFm
2019-03-11 15:43:59.850043: Clicked docid: X730XGkBNnvwcWWyjWf3
2019-03-11 15:44:03.041070: Marked relevant: X730XGkBNnvwcWWyjWf3
2019-03-11 15:44:23.836733: Marked relevant: 2rriXGkBNnvwcWWyulLJ
2019-03-11 15:44:24.326051: Marked relevant: CLriXGkBNnvwcWWyulPJ
2019-03-11 15:44:25.419705: Marked relevant: QLriXGkBNnvwcWWyulPJ
2019-03-11 15:44:34.299532: Clicked docid: PbjcXGkBNnvwcWWy-FD1
2019-03-11 15:44:40.840782: Marked relevant: 3b8AXWkBNnvwcWWy3VUb
2019-03-11 15:44:42.527252: Clicked docid: 3b8AXWkBNnvwcWWy3VUb
2019-03-11 15:44:50.787343: Marked irrelevant: 3b8AXWkBNnvwcWWy3VUb
2019-03-11 15:45:10.103712: Entered query: teen pregnancy united states
2019-03-11 15:45:14.079099: Marked relevant: 78IGXWkBNnvwcWWyOVnn
2019-03-11 15:45:17.041130: Marked relevant: j730XGkBNnvwcWWymGgB
2019-03-11 15:45:18.542377: Marked relevant: lr30XGkBNnvwcWWymGgB
2019-03-11 15:45:23.283265: Marked relevant: LbrkXGkBNnvwcWWy2_ai
2019-03-11 15:45:27.529337: Clicked docid: 57zuXGkBNnvwcWWytKD4
2019-03-11 15:45:33.470601: Marked relevant: 57zuXGkBNnvwcWWytKD4
2019-03-11 15:45:35.662173: Marked relevant: j7ngXGkBNnvwcWWyWJVw
2019-03-11 15:45:36.585653: Marked relevant: srngXGkBNnvwcWWyU5NX
2019-03-11 15:45:37.037498: Marked relevant: SrngXGkBNnvwcWWyU5NX
2019-03-11 15:45:39.654747: Marked relevant: Hb33XGkBNnvwcWWyFro8
2019-03-11 15:45:40.052284: Marked relevant: QbngXGkBNnvwcWWyWJVw
2019-03-11 15:46:03.984133: Entered query: teen abortion united states
2019-03-11 15:46:06.812532: Marked relevant: -rriXGkBNnvwcWWywFTM
2019-03-11 15:46:07.540905: Marked relevant: -briXGkBNnvwcWWywFTM
2019-03-11 15:46:08.776155: Marked relevant: RbriXGkBNnvwcWWywFXN
2019-03-11 15:46:09.779633: Marked relevant: 37riXGkBNnvwcWWywFTM
2019-03-11 15:46:23.071364: Marked relevant: Y732XGkBNnvwcWWyx6-8
2019-03-11 15:46:26.082600: Marked relevant: x7ngXGkBNnvwcWWy58Sd
2019-03-11 15:46:27.868678: Clicked docid: x7ngXGkBNnvwcWWy58Sd
2019-03-11 15:46:40.058888: Marked relevant: G73yXGkBNnvwcWWy1y9K
2019-03-11 15:46:51.083655: Entered query: teen pregnancy causes united states
2019-03-11 15:46:57.939408: Marked relevant: FLvoXGkBNnvwcWWyDJVW
2019-03-11 15:47:08.962557: Marked relevant: mbriXGkBNnvwcWWyvlNo
2019-03-11 15:47:17.482099: Entered query: teen pregnancy causes america
2019-03-11 15:47:25.607173: Entered query: teen pregnancy study causes america
2019-03-11 15:47:32.124752: Marked relevant: Ob8AXWkBNnvwcWWy4Ffb
2019-03-11 15:47:44.034283: Marked relevant: _cQKXWkBNnvwcWWySaFC
2019-03-11 15:47:52.603720: Entered query: teen pregnancy study US
2019-03-11 15:47:57.670608: Clicked docid: 2r4AXWkBNnvwcWWyHOVA
2019-03-11 15:48:01.401353: Marked relevant: 2r4AXWkBNnvwcWWyHOVA
2019-03-11 15:48:05.824410: Marked relevant: SbnhXGkBNnvwcWWyqv5L
2019-03-11 15:48:12.139449: Marked relevant: jbzuXGkBNnvwcWWytKH4
2019-03-11 15:48:18.130624: Clicked docid: _LzuXGkBNnvwcWWyv6Lx
2019-03-11 15:48:26.547048: Marked relevant: VrzvXGkBNnvwcWWyuMJF
2019-03-11 15:48:27.489574: Marked relevant: c7zvXGkBNnvwcWWyuMJF
2019-03-11 15:48:36.100752: Entered query: teen pregnancy US
2019-03-11 15:48:40.892812: Clicked docid: 0rrjXGkBNnvwcWWyvqV4
2019-03-11 15:48:47.946518: Marked relevant: BrngXGkBNnvwcWWyU5RX
2019-03-11 15:49:02.640031: Clicked docid: H7vlXGkBNnvwcWWy-jYR
2019-03-11 15:49:06.142373: Clicked docid: hrzsXGkBNnvwcWWyJ0V_
2019-03-11 15:49:13.859151: Marked relevant: 8rzrXGkBNnvwcWWyxDQq
2019-03-11 15:49:16.883437: Marked relevant: zrvlXGkBNnvwcWWy8TQy
2019-03-11 15:49:26.718383: Entered query: teen abortion study US
2019-03-11 15:49:30.907178: Clicked docid: _bjeXGkBNnvwcWWyk_1R
2019-03-11 15:50:14.069745: Entered query: black bear attacks
2019-03-11 15:50:24.941731: Entered query: black bear attacks statistics
2019-03-11 15:50:27.705421: Marked relevant: qL7_XGkBNnvwcWWytLLB
2019-03-11 15:50:30.937002: Clicked docid: 57rkXGkBNnvwcWWyq-db
2019-03-11 15:50:39.718740: Marked relevant: ZL7-XGkBNnvwcWWyGF0a
2019-03-11 15:50:41.389238: Clicked docid: ZL7-XGkBNnvwcWWyGF0a
2019-03-11 15:50:46.872174: Marked irrelevant: ZL7-XGkBNnvwcWWyGF0a
2019-03-11 15:50:51.214651: Entered query: amount black bear attacks
2019-03-11 15:51:13.905058: Clicked docid: X8EFXWkBNnvwcWWyCqeA
2019-03-11 15:51:22.196237: Entered query: black bear attacks
2019-03-11 15:51:33.059508: Entered query: black bear attacks survey
2019-03-11 15:51:43.793661: Clicked docid: k7fbXGkBNnvwcWWyl9OR
2019-03-11 15:51:51.588403: Marked relevant: k7fbXGkBNnvwcWWyl9OR
2019-03-11 15:52:00.766012: Clicked docid: s7rkXGkBNnvwcWWyit85
2019-03-11 15:52:06.437633: Entered query: black bear attack survey
2019-03-11 15:52:14.029032: Clicked docid: -r79XGkBNnvwcWWyXDmb
2019-03-11 15:52:18.321707: Clicked docid: UL79XGkBNnvwcWWy8FU9
2019-03-11 15:52:30.731338: Marked relevant: UL79XGkBNnvwcWWy8FU9
2019-03-11 15:52:32.438400: Marked relevant: WsEDXWkBNnvwcWWy5Ac_
2019-03-11 15:52:34.273914: Clicked docid: WsEDXWkBNnvwcWWy5Ac_
2019-03-11 15:52:40.007405: Entered query: black bear attack why
2019-03-11 15:52:46.511550: Clicked docid: DbjcXGkBNnvwcWWyNgz-
2019-03-11 15:53:04.330847: Entered query: bear attacks
2019-03-11 15:53:08.317946: Clicked docid: qL7_XGkBNnvwcWWytLLB
2019-03-11 15:53:31.261946: Marked relevant: 8MEDXWkBNnvwcWWy3gIZ
2019-03-11 15:53:40.383697: Entered query: bear attack numbers
2019-03-11 15:53:48.959034: Clicked docid: jLrkXGkBNnvwcWWyHMJx
2019-03-11 15:54:07.910865: Entered query: bear attack frequency
2019-03-11 15:54:10.639500: Clicked docid: qbrkXGkBNnvwcWWyiN9L
2019-03-11 15:54:16.857997: Entered query: black bear frequency
2019-03-11 15:54:22.732751: Entered query: black bear death frequency
2019-03-11 15:54:55.224769: Entered query: black bear death survey
2019-03-11 15:55:02.659853: Entered query: black bear death study
2019-03-11 15:55:08.158133: Clicked docid: ZL7-XGkBNnvwcWWyGF0a
2019-03-11 15:55:37.640851: Clicked docid: x77_XGkBNnvwcWWyW6BG
2019-03-11 15:55:42.908059: Marked relevant: x77_XGkBNnvwcWWyW6BG
2019-03-11 15:55:44.547279: Clicked docid: x77_XGkBNnvwcWWyW6BG
2019-03-11 15:56:18.232931: Entered query: black bear
2019-03-11 15:56:22.360472: Entered query: black bear frequency
2019-03-11 15:56:31.008503: Entered query: black bear numbers
2019-03-11 15:56:37.754551: Clicked docid: 3b79XGkBNnvwcWWybD0K
2019-03-11 15:56:55.683532: Clicked docid: jLrkXGkBNnvwcWWyHMJx
2019-03-11 15:57:07.310608: Clicked docid: yLvmXGkBNnvwcWWyT0VG
2019-03-11 15:57:22.827056: Marked relevant: yLvmXGkBNnvwcWWyT0VG
2019-03-11 15:58:43.235239: Entered query: wild life extinction
2019-03-11 15:58:47.050394: Marked relevant: LcULXWkBNnvwcWWy0nxb
2019-03-11 15:58:47.703014: Marked relevant: 8MQJXWkBNnvwcWWy3V8S
2019-03-11 15:58:50.372167: Clicked docid: 8MQJXWkBNnvwcWWy3V8S
2019-03-11 15:59:11.724797: Entered query: wild life extinction prevention
2019-03-11 15:59:23.044859: Entered query: wild animal extinction prevention
2019-03-11 15:59:27.452768: Marked relevant: CcIHXWkBNnvwcWWyNepV
2019-03-11 15:59:30.806601: Marked relevant: gcMIXWkBNnvwcWWyq7P6
2019-03-11 15:59:39.933628: Marked relevant: BMUMXWkBNnvwcWWyApnv
2019-03-11 15:59:42.528709: Marked relevant: 2L8AXWkBNnvwcWWyrzx3
2019-03-11 15:59:50.643665: Marked relevant: msULXWkBNnvwcWWy_pbc
2019-03-11 15:59:53.935805: Marked relevant: psIFXWkBNnvwcWWy9C_C
2019-03-11 16:00:01.259832: Marked relevant: 7sUMXWkBNnvwcWWyPbv_
2019-03-11 16:00:10.811396: Marked relevant: x78BXWkBNnvwcWWygrY8
2019-03-11 16:00:12.437244: Clicked docid: x78BXWkBNnvwcWWygrY8
2019-03-11 16:00:25.856485: Marked relevant: EcADXWkBNnvwcWWyMqo_
2019-03-11 16:00:34.326394: Clicked docid: nsULXWkBNnvwcWWybUPd
2019-03-11 16:00:46.134452: Marked relevant: rr8AXWkBNnvwcWWygyKo
2019-03-11 16:01:08.255123: Entered query: escape extinction
2019-03-11 16:01:18.024511: Entered query: animal escape extinction
2019-03-11 16:01:22.684664: Entered query: wild escape extinction
2019-03-11 16:01:54.998835: Marked relevant: CcUMXWkBNnvwcWWypPpM
2019-03-11 16:02:17.424247: Entered query: wild animal extinction
2019-03-11 16:02:24.386361: Marked relevant: XsEFXWkBNnvwcWWylPZ3
2019-03-11 16:02:52.324979: Marked relevant: kr7_XGkBNnvwcWWyMJj1
2019-03-11 16:02:53.590003: Clicked docid: kr7_XGkBNnvwcWWyMJj1
2019-03-11 16:02:56.936726: Marked irrelevant: kr7_XGkBNnvwcWWyMJj1
2019-03-11 16:03:02.940080: Clicked docid: c7jdXGkBNnvwcWWyHV-h
2019-03-11 16:03:06.623979: Marked relevant: c7jdXGkBNnvwcWWyHV-h
2019-03-11 16:03:12.639544: Marked relevant: Ar8BXWkBNnvwcWWyDXMF
2019-03-11 16:03:15.384239: Marked relevant: B8ACXWkBNnvwcWWyhErS
2019-03-11 16:03:20.876105: Marked relevant: dMUMXWkBNnvwcWWyh-cm
2019-03-11 16:03:46.220544: Entered query: wild increase number
2019-03-11 16:03:57.118311: Entered query: wild increase number extinct
2019-03-11 16:04:05.158228: Marked relevant: YsEDXWkBNnvwcWWy-BPT
2019-03-11 16:04:12.535382: Marked relevant: BsQJXWkBNnvwcWWysEU4
