2019-03-11 16:19:53.791752: Entered query: test
2019-03-11 16:30:37.644115: Entered query: teenage pregnancy
2019-03-11 16:31:21.218711: Clicked docid: LcACXWkBNnvwcWWyRyai
2019-03-11 16:31:43.474273: Clicked docid: t8EDXWkBNnvwcWWy3wOA
2019-03-11 16:32:00.238994: Marked relevant: t8EDXWkBNnvwcWWy3wOA
2019-03-11 16:32:23.021087: Clicked docid: a7jdXGkBNnvwcWWyIWAE
2019-03-11 16:32:51.721481: Marked relevant: a7jdXGkBNnvwcWWyIWAE
2019-03-11 16:32:59.587968: Marked relevant: RL8AXWkBNnvwcWWyXw7d
2019-03-11 16:33:04.974257: Clicked docid: e78AXWkBNnvwcWWy4Ffb
2019-03-11 16:33:19.668945: Marked relevant: e78AXWkBNnvwcWWy4Ffb
2019-03-11 16:33:22.595037: Clicked docid: LcACXWkBNnvwcWWyRyai
2019-03-11 16:33:29.635568: Marked relevant: LcACXWkBNnvwcWWyRyai
2019-03-11 16:33:33.251395: Clicked docid: Cr30XGkBNnvwcWWyjWf3
2019-03-11 16:33:46.419224: Marked relevant: Cr30XGkBNnvwcWWyjWf3
2019-03-11 16:33:46.863629: Marked irrelevant: Cr30XGkBNnvwcWWyjWf3
2019-03-11 16:33:48.548895: Marked relevant: X730XGkBNnvwcWWyjWf3
2019-03-11 16:33:49.771870: Clicked docid: Cr30XGkBNnvwcWWyjWf3
2019-03-11 16:34:05.980161: Marked relevant: Cr30XGkBNnvwcWWyjWf3
2019-03-11 16:34:10.612898: Clicked docid: Cr30XGkBNnvwcWWyjWf3
2019-03-11 16:34:18.864989: Clicked docid: X730XGkBNnvwcWWyjWf3
2019-03-11 16:34:35.050701: Clicked docid: XL8BXWkBNnvwcWWyDXMF
2019-03-11 16:35:31.008282: Marked relevant: XL8BXWkBNnvwcWWyDXMF
2019-03-11 16:35:39.384776: Clicked docid: D7zrXGkBNnvwcWWy6TsW
2019-03-11 16:35:48.798999: Marked relevant: JLnfXGkBNnvwcWWyIjNn
2019-03-11 16:35:51.587427: Clicked docid: k7voXGkBNnvwcWWy_sFm
2019-03-11 16:36:01.173530: Clicked docid: D7zuXGkBNnvwcWWytKH4
2019-03-11 16:36:10.067887: Marked relevant: D7zuXGkBNnvwcWWytKH4
2019-03-11 16:36:15.987678: Clicked docid: ar30XGkBNnvwcWWyUF_s
2019-03-11 16:36:38.188522: Marked relevant: CLrkXGkBNnvwcWWypeZp
2019-03-11 16:37:09.435398: Marked relevant: srngXGkBNnvwcWWyU5NX
2019-03-11 16:37:09.994073: Marked relevant: j7ngXGkBNnvwcWWyWJVw
2019-03-11 16:37:10.989452: Marked relevant: SrngXGkBNnvwcWWyU5NX
2019-03-11 16:37:17.248708: Clicked docid: 7bvnXGkBNnvwcWWyyImB
2019-03-11 16:37:35.600109: Marked relevant: 7bvnXGkBNnvwcWWyyImB
2019-03-11 16:39:51.258545: Entered query: black bear attacks
2019-03-11 16:40:00.917986: Clicked docid: 57rkXGkBNnvwcWWyq-db
2019-03-11 16:40:47.627386: Entered query: black bear attacks cosmetics
2019-03-11 16:40:54.980441: Clicked docid: 57rkXGkBNnvwcWWyq-db
2019-03-11 16:41:24.327280: Marked relevant: 57rkXGkBNnvwcWWyq-db
2019-03-11 16:41:28.336807: Clicked docid: qL7_XGkBNnvwcWWytLLB
2019-03-11 16:41:59.538959: Marked relevant: qL7_XGkBNnvwcWWytLLB
2019-03-11 16:42:11.166030: Clicked docid: k7fbXGkBNnvwcWWyl9OR
2019-03-11 16:42:40.122522: Entered query: bear attacks humans cosmetics
2019-03-11 16:43:07.713376: Entered query: bears attracted by cosmetics
2019-03-11 16:43:35.354270: Entered query: black bear attacks food cosmetics
2019-03-11 16:43:44.781716: Clicked docid: 3b79XGkBNnvwcWWybD0K
2019-03-11 16:44:33.761924: Marked relevant: 3b79XGkBNnvwcWWybD0K
2019-03-11 16:44:52.132572: Entered query: correlation cosmetics bear attacks
2019-03-11 16:45:17.696351: Marked relevant: pbfbXGkBNnvwcWWyh80d
2019-03-11 16:45:31.165306: Entered query: correlation food bear attacks
2019-03-11 16:45:42.289900: Clicked docid: 2bvlXGkBNnvwcWWy6TI1
2019-03-11 16:46:03.428208: Entered query: black bear attacks wildlife
2019-03-11 16:46:09.494845: Clicked docid: ZL7-XGkBNnvwcWWyGF0a
2019-03-11 16:46:27.922576: Clicked docid: yLvmXGkBNnvwcWWyT0VG
2019-03-11 16:48:18.035711: Entered query: endangered species measurements countries
2019-03-11 16:48:21.391872: Clicked docid: F7zqXGkBNnvwcWWyhAMc
2019-03-11 16:49:14.059434: Marked relevant: -LzvXGkBNnvwcWWy_8s1
2019-03-11 16:49:17.012297: Marked relevant: S8QKXWkBNnvwcWWysNoM
2019-03-11 16:49:28.455949: Clicked docid: u8MHXWkBNnvwcWWy6Eqr
2019-03-11 16:49:46.929525: Marked relevant: u8MHXWkBNnvwcWWy6Eqr
2019-03-11 16:49:51.888861: Clicked docid: T8ULXWkBNnvwcWWyWDjw
2019-03-11 16:49:56.700337: Marked relevant: T8ULXWkBNnvwcWWyWDjw
2019-03-11 16:50:07.382519: Clicked docid: 5cIGXWkBNnvwcWWyYm7c
2019-03-11 16:50:12.215710: Marked relevant: 5cIGXWkBNnvwcWWyYm7c
2019-03-11 16:50:16.333818: Marked relevant: LMMIXWkBNnvwcWWyoKzT
2019-03-11 16:50:18.730511: Marked irrelevant: LMMIXWkBNnvwcWWyoKzT
2019-03-11 16:50:22.472790: Clicked docid: LMMIXWkBNnvwcWWyoKzT
2019-03-11 16:50:34.057885: Marked relevant: LMMIXWkBNnvwcWWyoKzT
2019-03-11 16:50:42.539787: Clicked docid: dsADXWkBNnvwcWWycsvX
2019-03-11 16:51:10.790035: Marked relevant: BcULXWkBNnvwcWWyVjaN
2019-03-11 16:51:12.877178: Marked relevant: dsADXWkBNnvwcWWycsvX
2019-03-11 16:51:17.294422: Marked relevant: dcACXWkBNnvwcWWyFAdf
2019-03-11 16:51:47.309574: Entered query: prevention wildlife extinction
2019-03-11 16:51:51.767015: Marked relevant: 278AXWkBNnvwcWWy0E3p
2019-03-11 16:51:54.159059: Marked relevant: yrjdXGkBNnvwcWWyyqas
2019-03-11 16:51:55.829840: Clicked docid: yrjdXGkBNnvwcWWyyqas
2019-03-11 16:52:00.299801: Marked irrelevant: yrjdXGkBNnvwcWWyyqas
2019-03-11 16:52:17.496760: Entered query: prevention wildlife extinction measurements
2019-03-11 16:52:25.485684: Clicked docid: 078BXWkBNnvwcWWyU5r1
2019-03-11 16:52:43.096240: Entered query: prevention wildlife extinction actions government
2019-03-11 16:52:59.200022: Marked relevant: cMIHXWkBNnvwcWWyXP6A
2019-03-11 16:53:03.059471: Clicked docid: QcMJXWkBNnvwcWWyAOas
2019-03-11 16:53:10.662763: Marked relevant: QcMJXWkBNnvwcWWyAOas
2019-03-11 16:53:13.309268: Marked relevant: yrjdXGkBNnvwcWWyyqas
2019-03-11 16:53:20.895458: Clicked docid: YrrkXGkBNnvwcWWyneRG
2019-03-11 16:53:29.347079: Marked relevant: YrrkXGkBNnvwcWWyneRG
2019-03-11 16:53:34.263154: Clicked docid: D7fbXGkBNnvwcWWyhM2c
2019-03-11 16:53:42.216885: Marked relevant: D7fbXGkBNnvwcWWyhM2c
2019-03-11 16:54:22.799826: Entered query: efforts prevention wildlife extinction
2019-03-11 16:54:27.299914: Marked relevant: 5MULXWkBNnvwcWWyRSy6
2019-03-11 16:54:33.940295: Marked relevant: Dr7_XGkBNnvwcWWyxrn4
2019-03-11 16:54:45.166601: Marked relevant: m8MJXWkBNnvwcWWyDO3M
2019-03-11 16:54:50.664691: Marked relevant: h78CXWkBNnvwcWWyBP6M
