2019-03-10 10:59:36.836116: Entered query: owl extinction
2019-03-10 10:59:56.718531: Entered query: owl extinction outside america
2019-03-10 11:00:30.398202: Entered query: decreasing number of owls
2019-03-10 11:01:05.264768: Entered query: wildlife exinction
2019-03-10 11:01:10.419721: Entered query: wildlife extinction
2019-03-10 11:01:18.116017: Marked 078BXWkBNnvwcWWyU5r1 as relevant
2019-03-10 11:01:28.918234: Entered query: wildlife extinction why
2019-03-10 11:01:36.677228: Marked 5rneXGkBNnvwcWWyngLh as relevant
2019-03-10 11:01:43.175975: Marked 2cIHXWkBNnvwcWWyNelV as relevant
2019-03-10 11:02:19.490489: Entered query: decreasing number of wildlife
2019-03-10 11:02:22.328780: Marked McIGXWkBNnvwcWWyDz8Y as relevant
2019-03-10 11:02:26.331219: Marked F8ACXWkBNnvwcWWyYjZt as relevant
2019-03-10 11:02:28.859194: Marked PcMHXWkBNnvwcWWyxjiv as relevant
2019-03-10 11:02:57.953814: Entered query: extinction of wildlife 
2019-03-10 11:03:36.348299: Entered query: animal extinction
2019-03-10 11:03:50.105079: Marked LMEEXWkBNnvwcWWyqW_7 as relevant
2019-03-10 11:04:19.360525: Entered query: species in danger of extinction
2019-03-10 11:04:40.609413: Marked BsMHXWkBNnvwcWWyfxP6 as relevant
2019-03-10 11:04:47.015945: Marked wsUMXWkBNnvwcWWyXM3Z as relevant
2019-03-10 11:04:53.326662: Marked RsMHXWkBNnvwcWWyYwI8 as relevant
2019-03-10 11:04:56.764908: Marked 7MEDXWkBNnvwcWWy-hTO as relevant
2019-03-10 11:05:13.910220: Marked HbrjXGkBNnvwcWWyEW8- as relevant
2019-03-10 11:05:38.104247: Marked FsIGXWkBNnvwcWWyrpwf as relevant
2019-03-10 11:05:42.035654: Marked 0cMHXWkBNnvwcWWydQyu as relevant
2019-03-10 11:06:02.824200: Entered query: endangered species
2019-03-10 11:06:08.004765: Clicked docid: F7zqXGkBNnvwcWWyhAMc
2019-03-10 11:06:21.668607: Entered query: endangered animal species
2019-03-10 11:07:38.600721: Entered query: teenage pregnancies united states 
2019-03-10 11:08:04.192717: Entered query: teenage pregnancy rates in the united states
2019-03-10 11:08:08.230132: Marked RL8AXWkBNnvwcWWyXw7d as relevant
2019-03-10 11:08:15.330507: Marked LcACXWkBNnvwcWWyRyai as relevant
2019-03-10 11:08:36.145696: Clicked docid: JLnfXGkBNnvwcWWyIjNn
2019-03-10 11:08:59.713979: Clicked docid: QLriXGkBNnvwcWWyulPJ
2019-03-10 11:09:10.703915: Marked QLriXGkBNnvwcWWyulPJ as relevant
2019-03-10 11:09:15.381341: Marked 78IGXWkBNnvwcWWyOVnn as relevant
2019-03-10 11:09:31.175322: Clicked docid: mbriXGkBNnvwcWWyvlNo
2019-03-10 11:09:52.762734: Marked lr30XGkBNnvwcWWymGgB as relevant
2019-03-10 11:09:53.189861: Marked j730XGkBNnvwcWWymGgB as relevant
2019-03-10 11:10:05.208256: Clicked docid: Hb33XGkBNnvwcWWyFro8
2019-03-10 11:10:15.020897: Marked Hb33XGkBNnvwcWWyFro8 as relevant
2019-03-10 11:10:27.294787: Entered query: teenage pregnancy rates in americ
2019-03-10 11:10:30.868617: Entered query: teenage pregnancy rates in america
2019-03-10 11:10:45.464963: Marked CLriXGkBNnvwcWWyulPJ as relevant
2019-03-10 11:10:48.521434: Marked 2rriXGkBNnvwcWWyulLJ as relevant
2019-03-10 11:11:08.965879: Marked srngXGkBNnvwcWWyU5NX as relevant
2019-03-10 11:11:09.381458: Marked j7ngXGkBNnvwcWWyWJVw as relevant
2019-03-10 11:11:30.153834: Entered query: teenage abortion united states
2019-03-10 11:12:07.846453: Entered query: united states teenage pregnancy
2019-03-10 11:12:21.251722: Entered query: VS teenage pregnancy
2019-03-10 11:12:46.533965: Entered query: united states unplanned teenage pregnancie
2019-03-10 11:12:49.196322: Entered query: united states unplanned teenage pregnancy
2019-03-10 11:12:52.268620: Clicked docid: JLnfXGkBNnvwcWWyIjNn
2019-03-10 11:13:05.516337: Marked JLnfXGkBNnvwcWWyIjNn as relevant
2019-03-10 11:13:26.183089: Entered query: united states abortion rates teen
2019-03-10 11:13:32.065193: Clicked docid: CLrkXGkBNnvwcWWypeZp
2019-03-10 11:13:42.961181: Marked CLrkXGkBNnvwcWWypeZp as relevant
2019-03-10 11:13:49.713216: Marked SrngXGkBNnvwcWWyU5NX as relevant
2019-03-10 11:13:51.083898: Unmarked SrngXGkBNnvwcWWyU5NX as relevant
2019-03-10 11:13:51.309369: Marked SrngXGkBNnvwcWWyU5NX as relevant
2019-03-10 11:14:24.001804: Entered query: teenage pregnancy rates in united states
2019-03-10 11:15:00.965063: Entered query: black bear attacks
2019-03-10 11:15:33.812638: Entered query: frequency of back bear attacks worldwide
2019-03-10 11:15:52.605297: Entered query: frequency of black bear attacks worldwide
2019-03-10 11:16:14.146650: Entered query: black bear attack 
2019-03-10 11:17:27.592428: Entered query: black bear attack worldwide
2019-03-10 11:17:32.346738: Clicked docid: WsEDXWkBNnvwcWWy5Ac_
2019-03-10 11:17:41.859832: Marked WsEDXWkBNnvwcWWy5Ac_ as relevant
2019-03-10 11:17:55.087982: Unmarked WsEDXWkBNnvwcWWy5Ac_ as relevant
2019-03-10 11:18:11.488992: Entered query: causes black bear attacking humans
2019-03-10 11:18:16.214724: Clicked docid: Tr7_XGkBNnvwcWWyhamg
2019-03-10 11:19:02.314237: Clicked docid: 47riXGkBNnvwcWWyWjVJ
2019-03-10 11:19:59.151153: Entered query: frequency of black bear attacks
2019-03-10 11:20:08.015756: Clicked docid: qL7_XGkBNnvwcWWytLLB
2019-03-10 11:21:29.111212: Clicked docid: eLnhXGkBNnvwcWWynvoi
2019-03-10 11:21:37.089095: Clicked docid: eLnhXGkBNnvwcWWynvoi
