2019-03-12 14:45:51.076579: Entered query: Wildlife extinction prevention netherlands
2019-03-12 14:45:56.027142: Clicked docid: 278AXWkBNnvwcWWy0E3p
2019-03-12 14:46:23.953588: Marked relevant: 278AXWkBNnvwcWWy0E3p
2019-03-12 14:46:30.257570: Clicked docid: yrjdXGkBNnvwcWWyyqas
2019-03-12 14:47:18.137352: Marked relevant: yrjdXGkBNnvwcWWyyqas
2019-03-12 14:47:20.962818: Clicked docid: 078BXWkBNnvwcWWyU5r1
2019-03-12 14:47:37.885465: Clicked docid: 2cIHXWkBNnvwcWWyNelV
2019-03-12 14:47:42.551178: Clicked docid: 5rneXGkBNnvwcWWyngLh
2019-03-12 14:48:03.270241: Marked relevant: 5rneXGkBNnvwcWWyngLh
2019-03-12 14:49:17.118460: Clicked docid: cb8BXWkBNnvwcWWyWJ1r
2019-03-12 14:49:53.446686: Clicked docid: QsEFXWkBNnvwcWWyCqeA
2019-03-12 14:50:17.190186: Entered query: prevent wildlife extinction measures
2019-03-12 14:50:23.177328: Clicked docid: VLjdXGkBNnvwcWWyvKBa
2019-03-12 14:50:32.083053: Marked relevant: VLjdXGkBNnvwcWWyvKBa
2019-03-12 14:50:35.397179: Clicked docid: B8ACXWkBNnvwcWWyhErS
2019-03-12 14:50:58.175711: Marked relevant: B8ACXWkBNnvwcWWyhErS
2019-03-12 14:51:09.264031: Clicked docid: N78BXWkBNnvwcWWy2-hy
2019-03-12 14:51:27.569386: Entered query: prevent extinction of measures
2019-03-12 14:51:33.846367: Clicked docid: LMMIXWkBNnvwcWWyhZxC
2019-03-12 14:51:57.453974: Marked relevant: LMMIXWkBNnvwcWWyhZxC
2019-03-12 14:52:00.336973: Clicked docid: c7jdXGkBNnvwcWWyHV-h
2019-03-12 14:52:31.227589: Clicked docid: WsIGXWkBNnvwcWWyb3bc
2019-03-12 14:54:02.062211: Entered query: protect against black bear
2019-03-12 14:54:11.108197: Clicked docid: qL7_XGkBNnvwcWWytLLB
2019-03-12 14:55:16.685306: Marked relevant: X8EFXWkBNnvwcWWyCqeA
2019-03-12 14:55:31.287524: Clicked docid: 57rkXGkBNnvwcWWyq-db
2019-03-12 14:56:15.937195: Marked relevant: 57rkXGkBNnvwcWWyq-db
2019-03-12 14:56:27.073047: Clicked docid: 2LztXGkBNnvwcWWyi3oE
2019-03-12 14:56:43.107393: Clicked docid: vbzrXGkBNnvwcWWyjCuH
2019-03-12 14:57:32.557116: Entered query: reason black bear attack
2019-03-12 14:57:50.377791: Entered query: provocation black bear attack
2019-03-12 14:57:57.806970: Entered query: provocation black bear attack why
2019-03-12 14:58:15.095462: Clicked docid: DbjcXGkBNnvwcWWyNgz-
2019-03-12 14:58:27.348563: Entered query: black bear shooting frequency
2019-03-12 14:58:46.670472: Clicked docid: 57rkXGkBNnvwcWWyq-db
2019-03-12 14:59:10.821546: Clicked docid: 2sUMXWkBNnvwcWWyF6TH
2019-03-12 14:59:21.991854: Marked relevant: 2sUMXWkBNnvwcWWyF6TH
2019-03-12 14:59:44.587469: Entered query: prevent black bear attack
2019-03-12 14:59:48.746310: Clicked docid: UL79XGkBNnvwcWWy8FU9
2019-03-12 15:00:21.273334: Marked relevant: UL79XGkBNnvwcWWy8FU9
2019-03-12 15:00:24.687111: Clicked docid: UL79XGkBNnvwcWWy8FU9
2019-03-12 15:00:50.518656: Entered query: prevent black bear attack measures
2019-03-12 15:01:57.297457: Entered query: teenage pregnancy united states
2019-03-12 15:02:00.759077: Clicked docid: RL8AXWkBNnvwcWWyXw7d
2019-03-12 15:02:08.895237: Marked relevant: RL8AXWkBNnvwcWWyXw7d
2019-03-12 15:02:33.368194: Clicked docid: CLrkXGkBNnvwcWWypeZp
2019-03-12 15:02:40.172492: Marked relevant: CLrkXGkBNnvwcWWypeZp
2019-03-12 15:02:48.701628: Clicked docid: 2rriXGkBNnvwcWWyulLJ
2019-03-12 15:03:12.547455: Entered query: teenage teen pregnancy united states
2019-03-12 15:03:20.410200: Marked relevant: 78IGXWkBNnvwcWWyOVnn
2019-03-12 15:03:26.269639: Entered query: teenage teen pregnancy united states us
2019-03-12 15:03:44.309648: Clicked docid: srngXGkBNnvwcWWyU5NX
2019-03-12 15:04:03.135596: Marked relevant: srngXGkBNnvwcWWyU5NX
2019-03-12 15:04:03.643499: Marked relevant: j7ngXGkBNnvwcWWyWJVw
2019-03-12 15:04:06.173037: Marked relevant: SrngXGkBNnvwcWWyU5NX
2019-03-12 15:04:13.413538: Marked relevant: Hb33XGkBNnvwcWWyFro8
2019-03-12 15:04:16.183798: Marked relevant: QbngXGkBNnvwcWWyWJVw
2019-03-12 15:04:20.218255: Marked relevant: BrngXGkBNnvwcWWyU5RX
2019-03-12 15:04:30.444719: Entered query: teen pregnancy increase united states
2019-03-12 15:04:34.647719: Clicked docid: sb7-XGkBNnvwcWWyHV5k
2019-03-12 15:04:39.873306: Marked relevant: sb7-XGkBNnvwcWWyHV5k
2019-03-12 15:04:42.889724: Marked relevant: j730XGkBNnvwcWWymGgB
2019-03-12 15:04:43.220355: Marked relevant: lr30XGkBNnvwcWWymGgB
2019-03-12 15:04:46.522151: Clicked docid: 2r4AXWkBNnvwcWWyHOVA
2019-03-12 15:05:10.865755: Marked relevant: LbrkXGkBNnvwcWWy2_ai
2019-03-12 15:05:23.575681: Entered query: teen pregnancy cause
2019-03-12 15:05:28.637604: Entered query: teen pregnancy cause united states
2019-03-12 15:05:42.446031: Clicked docid: G73yXGkBNnvwcWWy1y9K
2019-03-12 15:05:52.057874: Marked relevant: LcACXWkBNnvwcWWyRyai
2019-03-12 15:06:03.656051: Clicked docid: sLriXGkBNnvwcWWyBxsR
2019-03-12 15:06:17.093879: Entered query: prevent teenage teen pregnancy
2019-03-12 15:06:28.067402: Entered query: prevent teenage teen pregnancy united states
2019-03-12 15:06:51.203065: Clicked docid: WLzqXGkBNnvwcWWy7xOf
2019-03-12 15:07:04.029596: Entered query: prevent teenage teen pregnancy united states abortion
2019-03-12 15:07:25.672029: Entered query: teenage mother abortion rate
2019-03-12 15:07:32.691293: Entered query: teenage teen mother abortion rate
2019-03-12 15:07:36.347839: Clicked docid: HbrhXGkBNnvwcWWy_xk6
2019-03-12 15:07:56.883235: Clicked docid: _bjeXGkBNnvwcWWyk_1R
2019-03-12 15:08:23.465458: Marked relevant: _bjeXGkBNnvwcWWyk_1R
2019-03-12 15:08:42.051724: Entered query: united states fight teen pregnancy
