2019-03-12 10:25:23.579795: Entered query: black bear attacks
2019-03-12 10:26:00.387428: Entered query: reasons black bear attacks
2019-03-12 10:26:19.127610: Entered query: black bear attacks
2019-03-12 10:26:24.266962: Clicked docid: qL7_XGkBNnvwcWWytLLB
2019-03-12 10:27:16.205983: Marked relevant: qL7_XGkBNnvwcWWytLLB
2019-03-12 10:27:19.560143: Clicked docid: 57rkXGkBNnvwcWWyq-db
2019-03-12 10:28:20.125836: Entered query: Black bear attacking people
2019-03-12 10:28:26.064324: Clicked docid: 3b79XGkBNnvwcWWybD0K
2019-03-12 10:29:08.880184: Marked relevant: 3b79XGkBNnvwcWWybD0K
2019-03-12 10:29:45.488974: Entered query: What attracks bears
2019-03-12 10:30:20.414486: Entered query: What food do bears like
2019-03-12 10:30:24.166405: Clicked docid: UL79XGkBNnvwcWWy8FU9
2019-03-12 10:31:28.511504: Entered query: Why do bears attack
2019-03-12 10:31:45.994339: Clicked docid: -r79XGkBNnvwcWWyXDmb
2019-03-12 10:32:17.684763: Marked relevant: -r79XGkBNnvwcWWyXDmb
2019-03-12 10:33:33.829107: Entered query: Animal extinction
2019-03-12 10:33:38.565178: Marked relevant: c7jdXGkBNnvwcWWyHV-h
2019-03-12 10:33:56.792535: Marked relevant: dMUMXWkBNnvwcWWyh-cm
2019-03-12 10:34:06.457812: Clicked docid: gcMIXWkBNnvwcWWyq7P6
2019-03-12 10:34:17.958925: Marked relevant: gcMIXWkBNnvwcWWyq7P6
2019-03-12 10:34:27.175287: Clicked docid: Qb8BXWkBNnvwcWWyJICP
2019-03-12 10:35:05.965143: Marked relevant: msULXWkBNnvwcWWy_pbc
2019-03-12 10:35:31.823504: Entered query: What are countries doing to prevent animal extinction
2019-03-12 10:35:45.426695: Clicked docid: m8QJXWkBNnvwcWWy93Dc
2019-03-12 10:37:17.613336: Entered query: international trade in endangered species of wild fauna and flora
2019-03-12 10:37:29.427363: Entered query: endangered species of wild fauna and flora
2019-03-12 10:37:47.289897: Clicked docid: FMUMXWkBNnvwcWWyfOJc
2019-03-12 10:37:59.266037: Marked relevant: KcACXWkBNnvwcWWyNhyn
2019-03-12 10:38:07.965861: Marked relevant: zcQJXWkBNnvwcWWy7Wnt
2019-03-12 10:38:22.461065: Entered query: protection of endangered species
2019-03-12 10:38:25.987597: Clicked docid: N8EFXWkBNnvwcWWySMkw
2019-03-12 10:39:02.050746: Marked relevant: N8EFXWkBNnvwcWWySMkw
2019-03-12 10:39:05.572231: Marked relevant: rLrjXGkBNnvwcWWyvqV4
2019-03-12 10:39:18.172937: Clicked docid: FMUMXWkBNnvwcWWyfOJc
2019-03-12 10:39:35.253383: Entered query: protection of endangered species world
2019-03-12 10:39:39.998864: Marked relevant: JsMIXWkBNnvwcWWy7Nuc
2019-03-12 10:39:41.269885: Marked relevant: FMUMXWkBNnvwcWWyfOJc
2019-03-12 10:39:46.762530: Marked relevant: J8MIXWkBNnvwcWWy7Nuc
2019-03-12 10:39:49.061490: Marked relevant: 0r75XGkBNnvwcWWysRKV
2019-03-12 10:39:56.781065: Marked relevant: e8ACXWkBNnvwcWWyj1Dl
2019-03-12 10:40:01.107981: Marked relevant: 3L8BXWkBNnvwcWWy1eTm
2019-03-12 10:40:07.113972: Marked relevant: B8ACXWkBNnvwcWWyhErS
2019-03-12 10:40:16.277393: Marked relevant: 0r8AXWkBNnvwcWWyzkzu
2019-03-12 10:41:17.644758: Entered query: Teenage pregnancy United States
2019-03-12 10:41:31.089575: Clicked docid: RL8AXWkBNnvwcWWyXw7d
2019-03-12 10:42:18.593797: Marked relevant: RL8AXWkBNnvwcWWyXw7d
2019-03-12 10:42:41.580696: Clicked docid: LcACXWkBNnvwcWWyRyai
2019-03-12 10:43:20.795918: Entered query: Teenage pregnancy
2019-03-12 10:43:34.603544: Clicked docid: b8IFXWkBNnvwcWWyqQPM
2019-03-12 10:43:55.173229: Entered query: United States teen pregnancy rate
2019-03-12 10:44:00.586689: Clicked docid: CLrkXGkBNnvwcWWypeZp
2019-03-12 10:44:14.856266: Marked relevant: CLrkXGkBNnvwcWWypeZp
2019-03-12 10:44:18.518435: Clicked docid: 2r4AXWkBNnvwcWWyHOVA
2019-03-12 10:45:04.355699: Marked relevant: 2r4AXWkBNnvwcWWyHOVA
2019-03-12 10:45:06.648050: Marked relevant: 78IGXWkBNnvwcWWyOVnn
2019-03-12 10:45:14.106622: Marked relevant: j730XGkBNnvwcWWymGgB
2019-03-12 10:45:16.350818: Marked relevant: LbrkXGkBNnvwcWWy2_ai
2019-03-12 10:45:31.053618: Marked relevant: lr30XGkBNnvwcWWymGgB
2019-03-12 10:45:31.994327: Marked relevant: srngXGkBNnvwcWWyU5NX
2019-03-12 10:45:39.219295: Marked relevant: j7ngXGkBNnvwcWWyWJVw
2019-03-12 10:45:43.834552: Clicked docid: srngXGkBNnvwcWWyU5NX
2019-03-12 10:45:48.694659: Clicked docid: j7ngXGkBNnvwcWWyWJVw
2019-03-12 10:46:07.786893: Clicked docid: SrngXGkBNnvwcWWyU5NX
2019-03-12 10:46:12.119862: Marked relevant: SrngXGkBNnvwcWWyU5NX
2019-03-12 10:46:49.026580: Clicked docid: sb7-XGkBNnvwcWWyHV5k
2019-03-12 10:47:26.485648: Marked relevant: sb7-XGkBNnvwcWWyHV5k
2019-03-12 10:48:03.708290: Entered query: United States steps against teen pregnancy 
