2019-03-12 09:45:13.413573: Entered query: teenage pregnancy USA
2019-03-12 09:45:23.120957: Marked relevant: LcACXWkBNnvwcWWyRyai
2019-03-12 09:45:43.410155: Marked relevant: RL8AXWkBNnvwcWWyXw7d
2019-03-12 09:45:54.532819: Entered query: teenage pregnancy America
2019-03-12 09:46:07.692206: Clicked docid: RL8AXWkBNnvwcWWyXw7d
2019-03-12 09:46:31.103352: Clicked docid: LcACXWkBNnvwcWWyRyai
2019-03-12 09:47:02.926054: Entered query: teenage pregnancy America abortion
2019-03-12 09:47:22.124019: Clicked docid: QLriXGkBNnvwcWWyulPJ
2019-03-12 09:47:38.003377: Marked relevant: QLriXGkBNnvwcWWyulPJ
2019-03-12 09:48:20.738584: Entered query: clinton teenage pregnancy
2019-03-12 09:48:25.648066: Marked relevant: e78AXWkBNnvwcWWy4Ffb
2019-03-12 09:48:34.632597: Entered query: US teenage pregnancy
2019-03-12 09:48:54.860236: Entered query: US birth control
2019-03-12 09:49:03.610793: Clicked docid: bbvmXGkBNnvwcWWyT0VG
2019-03-12 09:49:08.760084: Marked relevant: bbvmXGkBNnvwcWWyT0VG
2019-03-12 09:49:18.674761: Clicked docid: i730XGkBNnvwcWWyZGG9
2019-03-12 09:49:43.341752: Clicked docid: 9LrkXGkBNnvwcWWyit85
2019-03-12 09:50:04.226863: Clicked docid: 27nhXGkBNnvwcWWyY-fF
2019-03-12 09:50:35.155896: Entered query: US birth control teenage
2019-03-12 09:54:18.874718: Entered query: black bear attack
2019-03-12 09:54:27.128117: Clicked docid: UL79XGkBNnvwcWWy8FU9
2019-03-12 09:54:49.202205: Marked relevant: UL79XGkBNnvwcWWy8FU9
2019-03-12 09:54:53.068371: Clicked docid: -r79XGkBNnvwcWWyXDmb
2019-03-12 09:55:23.485916: Clicked docid: WsEDXWkBNnvwcWWy5Ac_
2019-03-12 09:55:37.683112: Marked relevant: WsEDXWkBNnvwcWWy5Ac_
2019-03-12 09:55:45.233043: Clicked docid: qL7_XGkBNnvwcWWytLLB
2019-03-12 09:56:10.028116: Marked relevant: qL7_XGkBNnvwcWWytLLB
2019-03-12 09:56:26.261891: Clicked docid: eLnhXGkBNnvwcWWynvoi
2019-03-12 09:56:50.191090: Marked irrelevant: WsEDXWkBNnvwcWWy5Ac_
2019-03-12 09:56:58.403414: Clicked docid: ZL7-XGkBNnvwcWWyGF0a
2019-03-12 09:57:22.988825: Marked relevant: ZL7-XGkBNnvwcWWyGF0a
2019-03-12 09:57:26.349658: Marked relevant: vbzrXGkBNnvwcWWyjCuH
2019-03-12 09:57:36.195006: Clicked docid: 47riXGkBNnvwcWWyWjVJ
2019-03-12 09:58:01.644478: Marked relevant: X8EFXWkBNnvwcWWyCqeA
2019-03-12 09:58:23.585383: Entered query: grizzly bear
2019-03-12 09:58:27.932577: Entered query: grizzly bear attack
2019-03-12 09:58:39.830200: Clicked docid: K7rkXGkBNnvwcWWyYNS8
2019-03-12 09:59:15.144947: Entered query: black bear attack frequent
2019-03-12 09:59:49.097870: Clicked docid: x77_XGkBNnvwcWWyW6BG
2019-03-12 10:00:01.307125: Marked relevant: x77_XGkBNnvwcWWyW6BG
2019-03-12 10:00:08.974418: Clicked docid: sLrkXGkBNnvwcWWyreg0
2019-03-12 10:00:43.906348: Entered query: caution black bear
2019-03-12 10:00:53.898790: Clicked docid: sbrkXGkBNnvwcWWyXtOM
2019-03-12 10:02:39.167641: Entered query: wildlife extinction
2019-03-12 10:02:45.283940: Marked relevant: 078BXWkBNnvwcWWyU5r1
2019-03-12 10:02:53.568989: Clicked docid: D7fbXGkBNnvwcWWyhM2c
2019-03-12 10:03:21.024548: Marked relevant: D7fbXGkBNnvwcWWyhM2c
2019-03-12 10:03:29.154998: Clicked docid: 5rneXGkBNnvwcWWyngLh
2019-03-12 10:03:36.186793: Clicked docid: 5rneXGkBNnvwcWWyngLh
2019-03-12 10:03:45.134826: Marked relevant: 5rneXGkBNnvwcWWyngLh
2019-03-12 10:03:49.215937: Marked relevant: 2cIHXWkBNnvwcWWyNelV
2019-03-12 10:04:09.105084: Marked relevant: Y7jeXGkBNnvwcWWyVeDs
2019-03-12 10:04:15.598310: Clicked docid: cb8BXWkBNnvwcWWyWJ1r
2019-03-12 10:04:58.725058: Clicked docid: QcMJXWkBNnvwcWWyAOas
2019-03-12 10:05:43.017007: Marked relevant: QcMJXWkBNnvwcWWyAOas
2019-03-12 10:05:51.339636: Entered query: wildlife perservation
2019-03-12 10:06:01.456255: Clicked docid: ab4AXWkBNnvwcWWyLvDr
2019-03-12 10:06:19.946630: Entered query: wildlife extinction conservation
2019-03-12 10:06:27.456208: Clicked docid: 5MULXWkBNnvwcWWyRSy6
2019-03-12 10:06:46.008822: Marked relevant: 5MULXWkBNnvwcWWyRSy6
2019-03-12 10:06:49.924792: Clicked docid: pcIGXWkBNnvwcWWySGJP
2019-03-12 10:07:19.715318: Marked relevant: pcIGXWkBNnvwcWWySGJP
2019-03-12 10:07:30.763276: Clicked docid: FcQJXWkBNnvwcWWy9W6M
2019-03-12 10:08:23.889332: Entered query: protection wildlife extinction
2019-03-12 10:08:32.541071: Clicked docid: cMIHXWkBNnvwcWWyXP6A
2019-03-12 10:08:58.933793: Marked relevant: FcQJXWkBNnvwcWWy9W6M
2019-03-12 10:09:19.067975: Clicked docid: LbvmXGkBNnvwcWWyFDs-
2019-03-12 10:09:51.044057: Entered query: danger of extinction
2019-03-12 10:09:54.135583: Marked relevant: AcULXWkBNnvwcWWyXjyM
2019-03-12 10:09:57.537698: Marked relevant: BsMHXWkBNnvwcWWyfxP6
