2019-03-11 11:57:05.559891: Entered query: wildlife extinction america
2019-03-11 11:57:32.747848: Marked relevant: 2cIHXWkBNnvwcWWyNelV
2019-03-11 11:57:45.600749: Clicked docid: 078BXWkBNnvwcWWyU5r1
2019-03-11 11:57:56.781980: Marked relevant: 078BXWkBNnvwcWWyU5r1
2019-03-11 11:58:02.920028: Clicked docid: 57rhXGkBNnvwcWWyvwRj
2019-03-11 11:58:25.703071: Marked relevant: 5rnhXGkBNnvwcWWyF9Sx
2019-03-11 11:58:31.489106: Clicked docid: WLriXGkBNnvwcWWy5GFY
2019-03-11 11:58:49.184904: Marked relevant: 5rneXGkBNnvwcWWyngLh
2019-03-11 11:58:53.310797: Clicked docid: D7fbXGkBNnvwcWWyhM2c
2019-03-11 11:58:58.357174: Marked relevant: D7fbXGkBNnvwcWWyhM2c
2019-03-11 11:59:18.801541: Entered query: endangered species
2019-03-11 11:59:23.157462: Clicked docid: F7zqXGkBNnvwcWWyhAMc
2019-03-11 11:59:36.206190: Marked relevant: mcQKXWkBNnvwcWWy0-x-
2019-03-11 11:59:37.343334: Marked relevant: N8EFXWkBNnvwcWWySMkw
2019-03-11 11:59:42.781322: Marked relevant: B7nhXGkBNnvwcWWyeO4w
2019-03-11 12:00:00.904708: Marked relevant: 6LrhXGkBNnvwcWWyvwRj
2019-03-11 12:00:13.451157: Marked relevant: C8IGXWkBNnvwcWWyIksi
2019-03-11 12:00:14.320695: Marked relevant: LMMIXWkBNnvwcWWyoKzT
2019-03-11 12:00:34.262319: Clicked docid: DrnfXGkBNnvwcWWyhlIN
2019-03-11 12:00:48.917701: Marked relevant: DrnfXGkBNnvwcWWyhlIN
2019-03-11 12:00:57.607291: Clicked docid: 8briXGkBNnvwcWWyyVa4
2019-03-11 12:01:17.128004: Entered query: wildlife protection
2019-03-11 12:01:21.743411: Marked relevant: ab4AXWkBNnvwcWWyLvDr
2019-03-11 12:01:25.584869: Marked relevant: xMQKXWkBNnvwcWWyNpah
2019-03-11 12:01:29.479500: Marked relevant: uMIGXWkBNnvwcWWy_clc
2019-03-11 12:01:40.884308: Marked relevant: 0cQKXWkBNnvwcWWyQZ1O
2019-03-11 12:01:49.663461: Marked relevant: dcEEXWkBNnvwcWWy5JC5
2019-03-11 12:02:04.439562: Marked relevant: SMIGXWkBNnvwcWWyQl-g
2019-03-11 12:02:30.395027: Marked relevant: hMQKXWkBNnvwcWWyabRg
2019-03-11 12:02:34.614109: Marked relevant: ab8BXWkBNnvwcWWyVZtu
2019-03-11 12:02:48.715821: Entered query: animal protection
2019-03-11 12:02:52.810440: Marked relevant: Lb4AXWkBNnvwcWWyQfsr
2019-03-11 12:02:57.793763: Marked relevant: csEEXWkBNnvwcWWyo2u5
2019-03-11 12:03:00.857246: Marked relevant: asEEXWkBNnvwcWWyKzG3
2019-03-11 12:03:04.201843: Marked relevant: 6cQKXWkBNnvwcWWyZLHX
2019-03-11 12:03:05.403600: Marked relevant: aMIGXWkBNnvwcWWy6b0Q
2019-03-11 12:03:38.471328: Marked relevant: fMEEXWkBNnvwcWWyQDk2
2019-03-11 12:03:41.189014: Marked relevant: V8ACXWkBNnvwcWWyd0Lo
2019-03-11 12:03:44.755422: Marked relevant: F8ULXWkBNnvwcWWypmMs
2019-03-11 12:03:53.368104: Marked relevant: gcMIXWkBNnvwcWWyq7P6
2019-03-11 12:03:56.861409: Clicked docid: gcMIXWkBNnvwcWWyq7P6
2019-03-11 12:05:09.207215: Entered query: black bear attack cause
2019-03-11 12:05:19.493290: Marked relevant: qL7_XGkBNnvwcWWytLLB
2019-03-11 12:05:31.202382: Marked relevant: pbfbXGkBNnvwcWWyh80d
2019-03-11 12:05:34.074505: Marked relevant: x77_XGkBNnvwcWWyW6BG
2019-03-11 12:05:44.461283: Entered query: black bear attack cosmetics
2019-03-11 12:05:58.428602: Clicked docid: 57rkXGkBNnvwcWWyq-db
2019-03-11 12:06:27.761626: Marked relevant: 57rkXGkBNnvwcWWyq-db
2019-03-11 12:06:31.728385: Clicked docid: EbnhXGkBNnvwcWWynvoi
2019-03-11 12:06:55.652953: Entered query: black bear attack frequency
2019-03-11 12:06:59.270920: Clicked docid: UL79XGkBNnvwcWWy8FU9
2019-03-11 12:07:25.858721: Clicked docid: -r79XGkBNnvwcWWyXDmb
2019-03-11 12:07:35.713269: Entered query: black bear attack frequency researc h
2019-03-11 12:07:40.025411: Entered query: black bear attack frequency research
2019-03-11 12:08:03.712834: Marked relevant: nLvnXGkBNnvwcWWyTXMm
2019-03-11 12:08:21.326537: Clicked docid: PL75XGkBNnvwcWWythTk
2019-03-11 12:08:57.892731: Entered query: black bear attacks
2019-03-11 12:09:02.048418: Marked relevant: ZL7-XGkBNnvwcWWyGF0a
2019-03-11 12:09:07.429330: Marked relevant: vbzrXGkBNnvwcWWyjCuH
2019-03-11 12:09:34.592469: Clicked docid: fr33XGkBNnvwcWWyWsKy
2019-03-11 12:09:51.421833: Entered query: bear attacks frequent
2019-03-11 12:09:54.844709: Marked relevant: k7fbXGkBNnvwcWWyl9OR
2019-03-11 12:10:14.863576: Clicked docid: sLrkXGkBNnvwcWWyreg0
2019-03-11 12:10:34.048099: Entered query: black bear frequent
2019-03-11 12:10:38.430850: Marked relevant: O7rkXGkBNnvwcWWy0fOZ
2019-03-11 12:10:39.126836: Marked relevant: sbrkXGkBNnvwcWWyXtOM
2019-03-11 12:10:46.941958: Marked relevant: UL79XGkBNnvwcWWy8FU9
2019-03-11 12:10:49.688746: Marked relevant: 2sUMXWkBNnvwcWWyF6TH
2019-03-11 12:10:55.280084: Entered query: black bear cause
2019-03-11 12:11:08.232462: Marked relevant: qbrkXGkBNnvwcWWyiN9L
2019-03-11 12:11:09.869390: Clicked docid: frrkXGkBNnvwcWWyiN9L
2019-03-11 12:11:19.196600: Marked relevant: frrkXGkBNnvwcWWyiN9L
2019-03-11 12:11:30.642937: Clicked docid: Z7rkXGkBNnvwcWWybtjg
2019-03-11 12:11:51.572333: Entered query: black bear cause hungry
2019-03-11 12:11:57.502852: Clicked docid: 47riXGkBNnvwcWWyWjVJ
2019-03-11 12:12:09.582111: Marked relevant: 47riXGkBNnvwcWWyWjVJ
2019-03-11 12:12:28.741834: Entered query: teenage pregnancy us 
2019-03-11 12:12:35.171019: Marked relevant: t8EDXWkBNnvwcWWy3wOA
2019-03-11 12:12:36.596945: Marked relevant: LcACXWkBNnvwcWWyRyai
2019-03-11 12:12:45.255792: Clicked docid: a7jdXGkBNnvwcWWyIWAE
2019-03-11 12:13:00.497042: Entered query: teenage pregnancy america
2019-03-11 12:13:15.317970: Marked relevant: RL8AXWkBNnvwcWWyXw7d
2019-03-11 12:13:28.372171: Clicked docid: XL8BXWkBNnvwcWWyDXMF
2019-03-11 12:13:47.192792: Marked relevant: b8IFXWkBNnvwcWWyqQPM
2019-03-11 12:13:51.466009: Marked irrelevant: b8IFXWkBNnvwcWWyqQPM
2019-03-11 12:13:52.893011: Marked relevant: XL8BXWkBNnvwcWWyDXMF
2019-03-11 12:13:55.237014: Clicked docid: D7zrXGkBNnvwcWWy6TsW
2019-03-11 12:14:27.940179: Clicked docid: urztXGkBNnvwcWWyAWfX
2019-03-11 12:14:43.752987: Marked relevant: urztXGkBNnvwcWWyAWfX
2019-03-11 12:14:49.664688: Marked relevant: SrngXGkBNnvwcWWyh6SF
2019-03-11 12:14:52.346927: Clicked docid: SrngXGkBNnvwcWWyh6SF
2019-03-11 12:15:05.587892: Entered query: teenage pregnancy america protection
2019-03-11 12:15:32.990758: Entered query: birth control teenage america 
2019-03-11 12:15:37.489519: Clicked docid: bbvmXGkBNnvwcWWyT0VG
2019-03-11 12:15:53.643331: Marked relevant: bbvmXGkBNnvwcWWyT0VG
2019-03-11 12:15:59.097984: Clicked docid: hr30XGkBNnvwcWWyZGG9
2019-03-11 12:16:23.222568: Clicked docid: hr30XGkBNnvwcWWyZGG9
2019-03-11 12:16:32.939358: Marked relevant: 9LrkXGkBNnvwcWWyit85
2019-03-11 12:16:36.927165: Marked relevant: wLnhXGkBNnvwcWWyZuhp
2019-03-11 12:16:38.569961: Clicked docid: wLnhXGkBNnvwcWWyZuhp
2019-03-11 12:16:56.606294: Marked irrelevant: wLnhXGkBNnvwcWWyZuhp
2019-03-11 12:16:57.805948: Clicked docid: 9LrkXGkBNnvwcWWyit85
2019-03-11 12:17:26.014453: Marked relevant: g7jdXGkBNnvwcWWyDFgZ
2019-03-11 12:17:33.448108: Entered query: sex education america
2019-03-11 12:17:39.622344: Clicked docid: qLvnXGkBNnvwcWWy_JOe
2019-03-11 12:17:46.747249: Marked relevant: qLvnXGkBNnvwcWWy_JOe
2019-03-11 12:17:52.223353: Clicked docid: 77voXGkBNnvwcWWyGpep
2019-03-11 12:18:04.670526: Marked relevant: 77voXGkBNnvwcWWyGpep
2019-03-11 12:18:05.550922: Marked relevant: XLztXGkBNnvwcWWyzoON
2019-03-11 12:18:07.472853: Clicked docid: XLztXGkBNnvwcWWyzoON
2019-03-11 12:18:23.462419: Clicked docid: 2bvpXGkBNnvwcWWyC8TO
2019-03-11 12:18:46.724974: Marked relevant: 2bvpXGkBNnvwcWWyC8TO
2019-03-11 12:18:50.914896: Clicked docid: mrneXGkBNnvwcWWyqAfF
2019-03-11 12:19:07.204407: Marked relevant: JL32XGkBNnvwcWWyBZfT
2019-03-11 12:19:19.213657: Entered query: teenage pregnancies amount
2019-03-11 12:19:26.251033: Entered query: teenage pregnancies amount america usa
