2019-03-08 21:29:25.675783: Entered query: telephone
2019-03-08 21:29:35.495822: Entered query: telephonewd
2019-03-08 21:29:42.030422: Entered query: telephone in the netherlands
2019-03-08 21:32:05.542945: Entered query: telephone in the netherlands
2019-03-08 21:36:04.244585: Entered query: telephone in the netherlands
2019-03-08 21:36:32.361526: Entered query: telephone in the netherlands
2019-03-08 21:37:59.717564: Entered query: telephone in the netherlands
2019-03-08 21:38:46.519566: Entered query: telephone in the netherlands
2019-03-08 21:39:04.397550: Entered query: telephone in the netherlands
2019-03-08 21:42:43.927347: Entered query: telephone in the netherlands
2019-03-08 21:47:38.149634: Entered query: telephone in the netherlands
2019-03-08 21:48:19.225961: Entered query: telephone in the netherlands
2019-03-08 21:51:30.368406: Entered query: telephone in the netherlands
2019-03-08 21:51:38.499776: Entered query: telephone
2019-03-08 21:54:21.854075: Entered query: war
2019-03-08 21:54:25.603062: Entered query: war in iran
2019-03-08 21:57:03.692148: Entered query: war in iran
2019-03-08 21:58:50.092069: Entered query: war in iran
2019-03-08 21:59:27.642499: Entered query: war
2019-03-08 22:00:53.550439: Entered query: war
2019-03-08 22:01:22.114448: Entered query: war
2019-03-08 22:01:31.661521: Entered query: war
2019-03-08 22:01:56.267375: Entered query: war
2019-03-08 22:02:59.286213: Entered query: war
2019-03-08 22:03:06.837660: Marked A9OUTWkBzFC3KZkJMhDE as relevant
2019-03-08 22:08:35.321208: Entered query: war
2019-03-08 22:09:52.660061: Entered query: war
2019-03-08 22:09:54.567950: Unmarked A9OUTWkBzFC3KZkJMhDE as relevant
2019-03-08 22:09:56.755042: Marked cdB4TWkBzFC3KZkJDhpA as relevant
2019-03-08 22:09:59.250699: Entered query: war
2019-03-08 22:10:02.302673: Marked HdB5TWkBzFC3KZkJopyk as relevant
2019-03-08 22:10:03.773494: Entered query: war
2019-03-08 22:10:11.009207: Entered query: war
2019-03-08 22:10:12.771142: Entered query: war
2019-03-08 22:10:14.918064: Entered query: war
2019-03-08 22:10:16.665432: Entered query: war
2019-03-08 22:10:18.446208: Entered query: war
2019-03-08 22:10:21.417611: Entered query: war
2019-03-08 22:10:23.368389: Entered query: war
2019-03-08 22:10:25.058921: Entered query: war
2019-03-08 22:10:42.837479: Unmarked cdB4TWkBzFC3KZkJDhpA as relevant
