2019-03-11 12:00:16.285558: Entered query: animal extinction
2019-03-11 12:11:56.747942: Entered query: black bear attacks
2019-03-11 12:12:02.651295: Clicked docid: 57rkXGkBNnvwcWWyq-db
2019-03-11 12:12:38.002081: Clicked docid: ZL7-XGkBNnvwcWWyGF0a
2019-03-11 12:13:16.424292: Marked relevant: ZL7-XGkBNnvwcWWyGF0a
2019-03-11 12:13:18.657130: Marked relevant: 57rkXGkBNnvwcWWyq-db
2019-03-11 12:13:33.035292: Entered query: black bear attack frequency
2019-03-11 12:13:36.584674: Clicked docid: UL79XGkBNnvwcWWy8FU9
2019-03-11 12:13:43.906825: Marked relevant: UL79XGkBNnvwcWWy8FU9
2019-03-11 12:13:47.373332: Clicked docid: -r79XGkBNnvwcWWyXDmb
2019-03-11 12:14:21.439717: Clicked docid: vbzrXGkBNnvwcWWyjCuH
2019-03-11 12:15:23.760412: Clicked docid: 47riXGkBNnvwcWWyWjVJ
2019-03-11 12:15:46.478303: Marked relevant: 5LriXGkBNnvwcWWyWjVJ
2019-03-11 12:15:47.097986: Marked relevant: 47riXGkBNnvwcWWyWjVJ
2019-03-11 12:15:49.527022: Clicked docid: 5LriXGkBNnvwcWWyWjVJ
2019-03-11 12:16:10.078195: Entered query: black bear attack cause
2019-03-11 12:16:12.749887: Clicked docid: qbrkXGkBNnvwcWWyiN9L
2019-03-11 12:16:33.125252: Clicked docid: frrkXGkBNnvwcWWyiN9L
2019-03-11 12:16:44.237962: Clicked docid: -r79XGkBNnvwcWWyXDmb
2019-03-11 12:17:18.519673: Clicked docid: WsEDXWkBNnvwcWWy5Ac_
2019-03-11 12:17:27.821608: Clicked docid: eLnhXGkBNnvwcWWynvoi
2019-03-11 12:17:56.741647: Clicked docid: Tr7_XGkBNnvwcWWyhamg
2019-03-11 12:18:02.459259: Marked relevant: -r79XGkBNnvwcWWyXDmb
2019-03-11 12:18:10.486405: Clicked docid: qL7_XGkBNnvwcWWytLLB
2019-03-11 12:18:19.033142: Marked relevant: qL7_XGkBNnvwcWWytLLB
2019-03-11 12:18:37.887428: Clicked docid: Tr7_XGkBNnvwcWWyhamg
2019-03-11 12:20:02.597840: Entered query: teen pregnancy rate
2019-03-11 12:20:08.356976: Clicked docid: j7ngXGkBNnvwcWWyWJVw
2019-03-11 12:20:23.047405: Marked relevant: j7ngXGkBNnvwcWWyWJVw
2019-03-11 12:20:23.488085: Marked relevant: srngXGkBNnvwcWWyU5NX
2019-03-11 12:20:24.754560: Marked relevant: SrngXGkBNnvwcWWyU5NX
2019-03-11 12:20:28.764388: Clicked docid: CLrkXGkBNnvwcWWypeZp
2019-03-11 12:20:33.283882: Marked relevant: CLrkXGkBNnvwcWWypeZp
2019-03-11 12:20:36.830946: Marked relevant: 78IGXWkBNnvwcWWyOVnn
2019-03-11 12:20:39.698164: Clicked docid: Cr30XGkBNnvwcWWyjWf3
2019-03-11 12:20:58.450677: Clicked docid: Cr30XGkBNnvwcWWyjWf3
2019-03-11 12:21:03.893239: Clicked docid: X730XGkBNnvwcWWyjWf3
2019-03-11 12:21:09.634445: Marked relevant: Cr30XGkBNnvwcWWyjWf3
2019-03-11 12:21:10.102752: Marked relevant: X730XGkBNnvwcWWyjWf3
2019-03-11 12:21:26.425820: Clicked docid: 2r4AXWkBNnvwcWWyHOVA
2019-03-11 12:21:36.180095: Marked relevant: 2r4AXWkBNnvwcWWyHOVA
2019-03-11 12:21:40.051898: Clicked docid: LcACXWkBNnvwcWWyRyai
2019-03-11 12:21:48.592930: Marked relevant: LcACXWkBNnvwcWWyRyai
2019-03-11 12:21:52.187628: Clicked docid: Hb33XGkBNnvwcWWyFro8
2019-03-11 12:22:07.560068: Marked relevant: Hb33XGkBNnvwcWWyFro8
2019-03-11 12:22:10.700635: Clicked docid: zrvlXGkBNnvwcWWy8TQy
2019-03-11 12:22:33.421207: Marked relevant: zrvlXGkBNnvwcWWy8TQy
2019-03-11 12:22:39.805506: Clicked docid: 0rrjXGkBNnvwcWWyvqV4
2019-03-11 12:23:02.685758: Clicked docid: LbrkXGkBNnvwcWWy2_ai
2019-03-11 12:23:18.636198: Marked relevant: LbrkXGkBNnvwcWWy2_ai
2019-03-11 12:23:24.758851: Marked relevant: QbngXGkBNnvwcWWyWJVw
2019-03-11 12:23:26.039701: Marked relevant: BrngXGkBNnvwcWWyU5RX
2019-03-11 12:23:32.805276: Clicked docid: sLriXGkBNnvwcWWyBxsR
2019-03-11 12:23:58.923843: Marked relevant: sLriXGkBNnvwcWWyBxsR
2019-03-11 12:24:04.841080: Entered query: teen pregnancy cause
2019-03-11 12:24:24.452611: Clicked docid: 8rzrXGkBNnvwcWWyxDQq
2019-03-11 12:24:52.294856: Marked relevant: 8rzrXGkBNnvwcWWyxDQq
2019-03-11 12:25:03.042049: Entered query: prevent teen pregnancy
2019-03-11 12:25:07.161719: Clicked docid: sb7-XGkBNnvwcWWyHV5k
2019-03-11 12:25:35.313973: Marked relevant: sb7-XGkBNnvwcWWyHV5k
2019-03-11 12:25:43.586479: Clicked docid: y7ngXGkBNnvwcWWywbcr
2019-03-11 12:26:25.119406: Clicked docid: lbriXGkBNnvwcWWyulLJ
2019-03-11 12:26:37.992760: Clicked docid: 57zuXGkBNnvwcWWytKD4
2019-03-11 12:26:46.756958: Marked relevant: 57zuXGkBNnvwcWWytKD4
2019-03-11 12:26:52.090505: Clicked docid: j730XGkBNnvwcWWymGgB
2019-03-11 12:26:59.901539: Marked relevant: j730XGkBNnvwcWWymGgB
2019-03-11 12:27:01.345464: Marked relevant: lr30XGkBNnvwcWWymGgB
2019-03-11 12:28:01.215210: Entered query: wildlife extinction
2019-03-11 12:28:14.020334: Clicked docid: 078BXWkBNnvwcWWyU5r1