2019-03-11 16:16:02.192100: Entered query: wildlife preservation measures
2019-03-11 16:16:06.209602: Clicked docid: yMULXWkBNnvwcWWyBwnw
2019-03-11 16:16:33.597970: Marked relevant: yMULXWkBNnvwcWWyBwnw
2019-03-11 16:16:38.339565: Clicked docid: lcULXWkBNnvwcWWyUjRV
2019-03-11 16:16:51.745966: Clicked docid: tsQKXWkBNnvwcWWyZLHX
2019-03-11 16:17:17.582624: Marked relevant: tsQKXWkBNnvwcWWyZLHX
2019-03-11 16:17:22.444002: Clicked docid: B8ACXWkBNnvwcWWyhErS
2019-03-11 16:17:41.939497: Marked relevant: B8ACXWkBNnvwcWWyhErS
2019-03-11 16:17:53.072235: Clicked docid: crfbXGkBNnvwcWWyl9SR
2019-03-11 16:18:11.538558: Clicked docid: 5b8AXWkBNnvwcWWybxYe
2019-03-11 16:18:31.134174: Entered query: bird preservation measures
2019-03-11 16:18:42.018760: Clicked docid: Hb8AXWkBNnvwcWWydxuy
2019-03-11 16:18:53.570336: Clicked docid: h8MIXWkBNnvwcWWy9uHf
2019-03-11 16:19:09.259090: Marked relevant: h8MIXWkBNnvwcWWy9uHf
2019-03-11 16:19:12.743298: Clicked docid: RsYMXWkBNnvwcWWytwYq
2019-03-11 16:19:28.248291: Marked relevant: RsYMXWkBNnvwcWWytwYq
2019-03-11 16:19:38.048980: Entered query: animal preservation measures
2019-03-11 16:19:42.998825: Clicked docid: HcMHXWkBNnvwcWWyvjT9
2019-03-11 16:20:08.057374: Clicked docid: 173xXGkBNnvwcWWy3Avc
2019-03-11 16:20:32.611791: Entered query: nature preservation measures
2019-03-11 16:20:36.892756: Clicked docid: TsACXWkBNnvwcWWyZzmW
2019-03-11 16:20:46.050115: Clicked docid: m7neXGkBNnvwcWWyqAbF
2019-03-11 16:21:03.572272: Marked relevant: m7neXGkBNnvwcWWyqAbF
2019-03-11 16:21:16.760475: Clicked docid: 4sACXWkBNnvwcWWyg0hM
2019-03-11 16:21:30.191452: Marked relevant: 4sACXWkBNnvwcWWyg0hM
2019-03-11 16:21:42.767319: Entered query: environment protection
2019-03-11 16:21:47.692583: Clicked docid: iMULXWkBNnvwcWWy5ojy
2019-03-11 16:21:56.750573: Entered query: environment protection wildlife
2019-03-11 16:22:01.386554: Clicked docid: b8EEXWkBNnvwcWWyKS-_
2019-03-11 16:22:09.065240: Marked relevant: b8EEXWkBNnvwcWWyKS-_
2019-03-11 16:22:10.388612: Clicked docid: mcIGXWkBNnvwcWWyFUP9
2019-03-11 16:22:27.367430: Entered query: environment protection wildlife us
2019-03-11 16:22:32.382842: Entered query: environment protection wildlife united states
2019-03-11 16:22:39.812294: Entered query: environment protection wildlife europe
2019-03-11 16:22:47.203693: Clicked docid: QsEEXWkBNnvwcWWy_Z-r
2019-03-11 16:22:56.687506: Marked relevant: QsEEXWkBNnvwcWWy_Z-r
2019-03-11 16:24:24.093674: Entered query: black bear attacks
2019-03-11 16:24:36.111037: Clicked docid: qL7_XGkBNnvwcWWytLLB
2019-03-11 16:24:54.037024: Marked relevant: qL7_XGkBNnvwcWWytLLB
2019-03-11 16:25:05.174226: Clicked docid: 3b79XGkBNnvwcWWybD0K
2019-03-11 16:25:53.931061: Marked relevant: 3b79XGkBNnvwcWWybD0K
2019-03-11 16:26:09.070269: Entered query: black bear attacks measures
2019-03-11 16:26:16.249837: Clicked docid: ZL7-XGkBNnvwcWWyGF0a
2019-03-11 16:26:34.838765: Marked relevant: ZL7-XGkBNnvwcWWyGF0a
2019-03-11 16:26:44.674303: Entered query: black bear control
2019-03-11 16:26:49.586714: Clicked docid: ZrzwXGkBNnvwcWWyfNwR
2019-03-11 16:27:10.147689: Marked relevant: ZrzwXGkBNnvwcWWyfNwR
2019-03-11 16:27:14.229958: Clicked docid: X8EFXWkBNnvwcWWyCqeA
2019-03-11 16:27:25.997935: Clicked docid: yLvmXGkBNnvwcWWyT0VG
2019-03-11 16:27:37.572066: Marked relevant: yLvmXGkBNnvwcWWyT0VG
2019-03-11 16:27:49.990590: Entered query: black bear cosmetics
2019-03-11 16:28:02.875849: Clicked docid: 2sUMXWkBNnvwcWWyF6TH
2019-03-11 16:28:28.932083: Entered query: black bear attack frequency
2019-03-11 16:28:43.136887: Entered query: cause increase bear attack
2019-03-11 16:28:59.727165: Entered query: increase bear attack
2019-03-11 16:29:11.670075: Entered query: bear control measure
2019-03-11 16:29:36.639857: Entered query: blac bear control measure
2019-03-11 16:29:40.624593: Entered query: black bear control measure
2019-03-11 16:29:50.412606: Clicked docid: m7rkXGkBNnvwcWWytOpJ
2019-03-11 16:30:08.488928: Marked relevant: m7rkXGkBNnvwcWWytOpJ
2019-03-11 16:30:12.015328: Entered query: black bear hunt
2019-03-11 16:30:18.268216: Clicked docid: 57rkXGkBNnvwcWWyq-db
2019-03-11 16:30:31.819271: Marked relevant: 57rkXGkBNnvwcWWyq-db
2019-03-11 16:30:45.612675: Entered query: black bear population
2019-03-11 16:30:53.673387: Entered query: black bear suburban
2019-03-11 16:31:05.665341: Clicked docid: 47riXGkBNnvwcWWyWjVJ
2019-03-11 16:31:31.451016: Marked relevant: 47riXGkBNnvwcWWyWjVJ
2019-03-11 16:32:28.409014: Entered query: teenage pregnancy us
2019-03-11 16:32:33.225606: Clicked docid: LcACXWkBNnvwcWWyRyai
2019-03-11 16:32:46.876808: Marked relevant: LcACXWkBNnvwcWWyRyai
2019-03-11 16:32:52.473404: Clicked docid: RL8AXWkBNnvwcWWyXw7d
2019-03-11 16:33:04.842774: Marked relevant: RL8AXWkBNnvwcWWyXw7d
2019-03-11 16:33:11.925930: Entered query: teenage pregnancy states
2019-03-11 16:33:25.054797: Clicked docid: e78AXWkBNnvwcWWy4Ffb
2019-03-11 16:33:33.877770: Marked relevant: e78AXWkBNnvwcWWy4Ffb
2019-03-11 16:33:38.728780: Clicked docid: JLnfXGkBNnvwcWWyIjNn
2019-03-11 16:34:03.215419: Marked relevant: JLnfXGkBNnvwcWWyIjNn
2019-03-11 16:34:10.291530: Clicked docid: CLrkXGkBNnvwcWWypeZp
2019-03-11 16:34:18.301801: Marked relevant: CLrkXGkBNnvwcWWypeZp
2019-03-11 16:34:21.284501: Clicked docid: sb7-XGkBNnvwcWWyHV5k
2019-03-11 16:34:42.127911: Marked relevant: sb7-XGkBNnvwcWWyHV5k
2019-03-11 16:34:52.974252: Entered query: us teenage abortion
2019-03-11 16:34:59.906874: Clicked docid: HLvqXGkBNnvwcWWyYf7X
2019-03-11 16:35:19.904675: Clicked docid: G73yXGkBNnvwcWWy1y9K
2019-03-11 16:35:36.304029: Marked relevant: G73yXGkBNnvwcWWy1y9K
2019-03-11 16:35:55.023376: Entered query: teen pregnant us
2019-03-11 16:35:58.175375: Clicked docid: 2r4AXWkBNnvwcWWyHOVA
2019-03-11 16:36:07.062867: Marked relevant: 78IGXWkBNnvwcWWyOVnn
2019-03-11 16:36:09.766985: Clicked docid: F7vnXGkBNnvwcWWyPnGD
2019-03-11 16:36:19.933592: Marked relevant: F7vnXGkBNnvwcWWyPnGD
2019-03-11 16:36:30.857305: Clicked docid: zrvlXGkBNnvwcWWy8TQy
2019-03-11 16:36:40.853960: Marked relevant: zrvlXGkBNnvwcWWy8TQy
2019-03-11 16:36:44.026358: Clicked docid: SbnhXGkBNnvwcWWyqv5L
2019-03-11 16:36:55.312971: Clicked docid: j730XGkBNnvwcWWymGgB
2019-03-11 16:36:59.982224: Marked relevant: j730XGkBNnvwcWWymGgB
2019-03-11 16:37:06.189936: Clicked docid: 57nhXGkBNnvwcWWyAMw7
2019-03-11 16:37:18.908259: Clicked docid: SrngXGkBNnvwcWWyU5NX
2019-03-11 16:37:23.296853: Marked relevant: SrngXGkBNnvwcWWyU5NX
2019-03-11 16:37:38.753249: Entered query: teen pregnancy united states
2019-03-11 16:37:43.212550: Clicked docid: LbrkXGkBNnvwcWWy2_ai
2019-03-11 16:37:46.370609: Marked relevant: LbrkXGkBNnvwcWWy2_ai
2019-03-11 16:37:50.482144: Clicked docid: QbngXGkBNnvwcWWyWJVw
2019-03-11 16:37:58.162320: Marked relevant: QbngXGkBNnvwcWWyWJVw
2019-03-11 16:38:11.807534: Clicked docid: c7zvXGkBNnvwcWWyuMJF
2019-03-11 16:38:20.610356: Marked relevant: c7zvXGkBNnvwcWWyuMJF
2019-03-11 16:38:26.940488: Clicked docid: jbzuXGkBNnvwcWWytKH4
2019-03-11 16:38:30.877539: Marked relevant: jbzuXGkBNnvwcWWytKH4
2019-03-11 16:38:40.760366: Clicked docid: mbriXGkBNnvwcWWyvlNo
2019-03-11 16:39:00.244052: Entered query: teen abortion
2019-03-11 16:39:18.263805: Clicked docid: j7ngXGkBNnvwcWWyWJVw
2019-03-11 16:39:22.699786: Marked relevant: j7ngXGkBNnvwcWWyWJVw