2019-03-11 17:29:27.146729: Entered query: black bear
2019-03-11 17:30:01.736265: Entered query: black bear attaract
2019-03-11 17:30:06.052040: Entered query: black bear attract
2019-03-11 17:30:10.617621: Marked relevant: qL7_XGkBNnvwcWWytLLB
2019-03-11 17:30:23.800280: Marked relevant: 57rkXGkBNnvwcWWyq-db
2019-03-11 17:30:43.689224: Clicked docid: -r79XGkBNnvwcWWyXDmb
2019-03-11 17:30:49.035659: Clicked docid: ar32XGkBNnvwcWWynamJ
2019-03-11 17:30:57.267889: Entered query: black bear attract cosmetics
2019-03-11 17:31:21.101293: Entered query: black bear repel method
2019-03-11 17:31:34.900072: Marked relevant: yLvmXGkBNnvwcWWyT0VG
2019-03-11 17:32:09.168423: Clicked docid: XLvlXGkBNnvwcWWy2DCO
2019-03-11 17:32:28.520759: Entered query: black bear repel method cosmetics
2019-03-11 17:33:13.250404: Marked relevant: 9L7_XGkBNnvwcWWyeaZh
2019-03-11 17:33:51.917994: Entered query: black bear wildlife
2019-03-11 17:34:11.073860: Marked relevant: 477_XGkBNnvwcWWyRZwV
2019-03-11 17:34:45.161034: Entered query: black bear  attack humans
2019-03-11 17:34:57.001353: Entered query: black bear control and modify
2019-03-11 17:34:58.875497: Entered query: black bear control modify
2019-03-11 17:35:06.194459: Marked relevant: s7rkXGkBNnvwcWWyit85
2019-03-11 17:35:24.387761: Clicked docid: zLrhXGkBNnvwcWWy1Atw
2019-03-11 17:35:32.449429: Marked relevant: zLrhXGkBNnvwcWWy1Atw
2019-03-11 17:35:55.460156: Clicked docid: 47riXGkBNnvwcWWyWjVJ
2019-03-11 17:36:40.175366: Clicked docid: N8ADXWkBNnvwcWWyXL4v
2019-03-11 17:36:54.926005: Marked relevant: pbfbXGkBNnvwcWWyh80d
2019-03-11 17:37:38.819112: Entered query: Teenage pregnancy
2019-03-11 17:37:41.820027: Entered query: Teenage pregnancy US
2019-03-11 17:37:53.826666: Entered query: Teenage pregnancy united states
2019-03-11 17:37:54.400668: Entered query: Teenage pregnancy united states
2019-03-11 17:37:56.588325: Marked relevant: RL8AXWkBNnvwcWWyXw7d
2019-03-11 17:38:11.588640: Marked relevant: LcACXWkBNnvwcWWyRyai
2019-03-11 17:38:25.604358: Clicked docid: CLrkXGkBNnvwcWWypeZp
2019-03-11 17:38:31.401800: Marked relevant: CLrkXGkBNnvwcWWypeZp
2019-03-11 17:38:38.036260: Marked relevant: 2rriXGkBNnvwcWWyulLJ
2019-03-11 17:38:48.914528: Entered query: Teenage pregnancy united states cause
2019-03-11 17:39:03.911115: Clicked docid: JLnfXGkBNnvwcWWyIjNn
2019-03-11 17:39:09.130379: Marked relevant: JLnfXGkBNnvwcWWyIjNn
2019-03-11 17:39:13.309862: Clicked docid: sb7-XGkBNnvwcWWyHV5k
2019-03-11 17:39:25.293480: Marked relevant: sb7-XGkBNnvwcWWyHV5k
2019-03-11 17:39:30.605511: Clicked docid: 2rriXGkBNnvwcWWyulLJ
2019-03-11 17:39:34.596001: Clicked docid: QLriXGkBNnvwcWWyulPJ
2019-03-11 17:39:48.578609: Clicked docid: or4AXWkBNnvwcWWyANW2
2019-03-11 17:40:15.951390: Clicked docid: PbjcXGkBNnvwcWWy-FD1
2019-03-11 17:40:46.113600: Entered query: Teenage pregnancy  reduction
2019-03-11 17:40:52.969944: Clicked docid: b8IFXWkBNnvwcWWyqQPM
2019-03-11 17:41:25.368141: Clicked docid: TLztXGkBNnvwcWWyGWtO
2019-03-11 17:41:50.808625: Marked relevant: TLztXGkBNnvwcWWyGWtO
2019-03-11 17:42:13.872355: Clicked docid: Z7vlXGkBNnvwcWWymCV8
2019-03-11 17:42:27.455717: Clicked docid: srngXGkBNnvwcWWyU5NX
2019-03-11 17:42:38.277261: Marked relevant: srngXGkBNnvwcWWyU5NX
2019-03-11 17:42:40.695671: Marked irrelevant: srngXGkBNnvwcWWyU5NX
2019-03-11 17:42:42.482161: Marked relevant: j7ngXGkBNnvwcWWyWJVw
2019-03-11 17:42:49.326507: Clicked docid: krriXGkBNnvwcWWyGCAK
2019-03-11 17:42:59.096994: Marked relevant: krriXGkBNnvwcWWyGCAK
2019-03-11 17:43:08.963123: Clicked docid: Cr8AXWkBNnvwcWWysT5O
2019-03-11 17:43:51.998066: Clicked docid: urztXGkBNnvwcWWyAWfX
2019-03-11 17:45:16.956071: Entered query: wildlife extinction prevention
2019-03-11 17:45:29.770170: Entered query: wildlife extinction prevention method
2019-03-11 17:45:37.076782: Clicked docid: CsQJXWkBNnvwcWWyrENr
2019-03-11 17:45:42.053580: Marked relevant: CsQJXWkBNnvwcWWyrENr
2019-03-11 17:45:44.971171: Clicked docid: l7jeXGkBNnvwcWWyTt2D
2019-03-11 17:46:07.568892: Marked relevant: yrjdXGkBNnvwcWWyyqas
2019-03-11 17:46:09.800035: Marked relevant: 2cIHXWkBNnvwcWWyNelV
2019-03-11 17:46:37.166342: Clicked docid: QsEFXWkBNnvwcWWyCqeA
2019-03-11 17:46:46.647819: Marked relevant: QsEFXWkBNnvwcWWyCqeA
2019-03-11 17:47:41.185388: Marked relevant: 5MULXWkBNnvwcWWyRSy6
2019-03-11 17:47:43.404792: Marked relevant: cb8BXWkBNnvwcWWyWJ1r
2019-03-11 17:47:59.152866: Marked relevant: RsMIXWkBNnvwcWWy--TY
2019-03-11 17:48:10.624909: Marked relevant: hcACXWkBNnvwcWWyQyOT
2019-03-11 17:48:13.636865: Marked relevant: 8MULXWkBNnvwcWWyYj1k
2019-03-11 17:48:45.089145: Entered query: native wildlife extinction prevention method
2019-03-11 17:48:48.720020: Marked relevant: 5rneXGkBNnvwcWWyngLh
2019-03-11 17:48:51.259701: Marked relevant: 278AXWkBNnvwcWWy0E3p
2019-03-11 17:48:53.159729: Marked irrelevant: 278AXWkBNnvwcWWy0E3p
2019-03-11 17:48:53.927454: Clicked docid: 278AXWkBNnvwcWWy0E3p
2019-03-11 17:49:01.064547: Marked relevant: 278AXWkBNnvwcWWy0E3p
2019-03-11 17:49:06.528548: Marked relevant: 1sQJXWkBNnvwcWWyii0p
2019-03-11 17:49:13.208090: Marked relevant: 078BXWkBNnvwcWWyU5r1
2019-03-11 17:49:16.942661: Clicked docid: D7fbXGkBNnvwcWWyhM2c
2019-03-11 17:51:23.926438: Clicked docid: obvlXGkBNnvwcWWyAwFX
2019-03-11 17:51:43.385147: Entered query: native wildlife extinction 
2019-03-11 17:51:47.390700: Marked relevant: TrnhXGkBNnvwcWWyROKO
2019-03-11 17:51:50.890115: Clicked docid: WLriXGkBNnvwcWWy5GFY
