2019-03-11 12:51:55.195412: Entered query: birth rate teenage mother US
2019-03-11 12:52:13.990025: Clicked docid: RL8AXWkBNnvwcWWyXw7d
2019-03-11 12:52:32.930138: Marked relevant: RL8AXWkBNnvwcWWyXw7d
2019-03-11 12:52:34.123979: Clicked docid: j730XGkBNnvwcWWymGgB
2019-03-11 12:52:54.940713: Marked relevant: lr30XGkBNnvwcWWymGgB
2019-03-11 12:53:06.493283: Entered query: birth rate teenage mother US 20`9
2019-03-11 12:53:16.162553: Entered query: birth rate teenage mother US 2019
2019-03-11 12:53:22.951385: Clicked docid: LcACXWkBNnvwcWWyRyai
2019-03-11 12:53:57.878693: Marked relevant: LcACXWkBNnvwcWWyRyai
2019-03-11 12:54:05.105393: Entered query: aborth US 
2019-03-11 12:54:20.749262: Entered query: abortion teen moms US 
2019-03-11 12:54:26.150078: Clicked docid: j730XGkBNnvwcWWymGgB
2019-03-11 12:54:42.730592: Clicked docid: 57nhXGkBNnvwcWWyAMw7
2019-03-11 12:55:08.072957: Entered query: reduction teen mom 
2019-03-11 12:55:10.047920: Entered query: reduction teen mom 
2019-03-11 12:55:31.831935: Entered query: causes teenage pregnancy
2019-03-11 12:55:35.184115: Entered query: causes teenage pregnancy US
2019-03-11 12:55:36.939681: Entered query: causes teenage pregnancy US
2019-03-11 12:56:05.581832: Entered query: results teenage pregnancy
2019-03-11 12:56:14.313180: Clicked docid: e78AXWkBNnvwcWWy4Ffb
2019-03-11 12:56:43.221560: Marked relevant: e78AXWkBNnvwcWWy4Ffb
2019-03-11 12:57:00.487534: Entered query: teen pregnancy US 
2019-03-11 12:57:06.843544: Clicked docid: j7ngXGkBNnvwcWWyWJVw
2019-03-11 12:57:27.407740: Marked relevant: j7ngXGkBNnvwcWWyWJVw
2019-03-11 12:57:28.894854: Clicked docid: QbngXGkBNnvwcWWyWJVw
2019-03-11 12:57:39.626270: Marked relevant: QbngXGkBNnvwcWWyWJVw
2019-03-11 12:57:45.605842: Entered query: teen pregnancy statistics
2019-03-11 12:57:53.861872: Clicked docid: LbrkXGkBNnvwcWWy2_ai
2019-03-11 12:58:11.359243: Marked relevant: LbrkXGkBNnvwcWWy2_ai
2019-03-11 12:58:13.723843: Clicked docid: jbzuXGkBNnvwcWWytKH4
2019-03-11 13:00:30.347431: Entered query: prevention wildlife extinction 
2019-03-11 13:00:37.268327: Clicked docid: 078BXWkBNnvwcWWyU5r1
2019-03-11 13:01:10.617667: Entered query: prevent wildlife extinction 
2019-03-11 13:01:21.487385: Clicked docid: VLjdXGkBNnvwcWWyvKBa
2019-03-11 13:02:04.440183: Entered query: measures wildlife extinction
2019-03-11 13:02:11.181497: Clicked docid: B8ACXWkBNnvwcWWyhErS
2019-03-11 13:02:26.973891: Marked relevant: B8ACXWkBNnvwcWWyhErS
2019-03-11 13:02:36.358436: Clicked docid: N78BXWkBNnvwcWWy2-hy
2019-03-11 13:03:00.689558: Marked relevant: N78BXWkBNnvwcWWy2-hy
2019-03-11 13:03:16.432748: Clicked docid: QsEFXWkBNnvwcWWyCqeA
2019-03-11 13:03:46.545109: Clicked docid: m7neXGkBNnvwcWWyqAbF
2019-03-11 13:03:59.090136: Marked relevant: m7neXGkBNnvwcWWyqAbF
2019-03-11 13:04:10.777989: Entered query: help wildlife
2019-03-11 13:04:16.941371: Clicked docid: 9sULXWkBNnvwcWWy134J
2019-03-11 13:04:58.077659: Entered query: prevention extinction animals
2019-03-11 13:05:07.197413: Entered query: prevention extinction animals government
2019-03-11 13:05:12.106308: Clicked docid: 278AXWkBNnvwcWWy0E3p
2019-03-11 13:05:36.319914: Entered query: extinction animals government
2019-03-11 13:05:41.876615: Clicked docid: hcACXWkBNnvwcWWyQyOT
2019-03-11 13:05:56.923523: Clicked docid: XsEFXWkBNnvwcWWylPZ3
2019-03-11 13:06:06.640426: Marked relevant: XsEFXWkBNnvwcWWylPZ3
2019-03-11 13:06:17.924187: Clicked docid: CsMJXWkBNnvwcWWyAui4
2019-03-11 13:06:37.793949: Marked relevant: CsMJXWkBNnvwcWWyAui4
2019-03-11 13:06:42.077647: Clicked docid: CcULXWkBNnvwcWWyFBAI
2019-03-11 13:07:09.738501: Marked relevant: CcULXWkBNnvwcWWyFBAI
2019-03-11 13:09:55.202199: Entered query: black bear attacks
2019-03-11 13:10:01.591901: Entered query: black bear attacks causes
2019-03-11 13:10:36.204127: Entered query: causes bear attack
2019-03-11 13:10:43.072167: Clicked docid: qL7_XGkBNnvwcWWytLLB
2019-03-11 13:11:30.243973: Marked relevant: qL7_XGkBNnvwcWWytLLB
2019-03-11 13:11:56.337670: Entered query: frequency bear attack
2019-03-11 13:12:15.640735: Entered query: black bear attack statistics
2019-03-11 13:12:39.476867: Clicked docid: sbrkXGkBNnvwcWWyXtOM
2019-03-11 13:13:17.675983: Entered query: attack bear review
2019-03-11 13:13:43.527811: Entered query: measures black bear attacks
2019-03-11 13:14:18.715097: Entered query: prevention attacks black bear 
2019-03-11 13:14:24.105496: Clicked docid: UL79XGkBNnvwcWWy8FU9
2019-03-11 13:14:59.272732: Entered query: cosmetics black bear attack
2019-03-11 13:15:07.663559: Clicked docid: -r79XGkBNnvwcWWyXDmb
2019-03-11 13:15:26.758303: Entered query: cosmetics black bear assault 
2019-03-11 13:15:43.290293: Entered query: cosmetics attack bear
2019-03-11 13:15:55.586217: Entered query: prevention bear attacks
2019-03-11 13:15:58.689330: Clicked docid: rMMIXWkBNnvwcWWytrkJ
2019-03-11 13:16:05.557677: Marked relevant: rMMIXWkBNnvwcWWytrkJ
2019-03-11 13:16:17.117429: Entered query: control bear attacks
2019-03-11 13:16:44.608829: Entered query: modify bears
2019-03-11 13:16:52.483962: Entered query: modify black bear
